

Started GET "/" for 127.0.0.1 at Tue Mar 20 15:19:33 -0300 2012

Mysql2::Error (Can't connect to local MySQL server through socket '/tmp/mysql.sock' (2)):
  

Rendered /Users/waltersemelshtein/.rvm/gems/ruby-1.8.7-p352@politacomar/gems/actionpack-3.1.3/lib/action_dispatch/middleware/templates/rescues/_trace.erb (2.6ms)
Rendered /Users/waltersemelshtein/.rvm/gems/ruby-1.8.7-p352@politacomar/gems/actionpack-3.1.3/lib/action_dispatch/middleware/templates/rescues/_request_and_response.erb (23.5ms)
Rendered /Users/waltersemelshtein/.rvm/gems/ruby-1.8.7-p352@politacomar/gems/actionpack-3.1.3/lib/action_dispatch/middleware/templates/rescues/diagnostics.erb within rescues/layout (37.6ms)


Started GET "/" for 127.0.0.1 at Tue Mar 20 15:19:52 -0300 2012
  Processing by ProjectsController#index as HTML
  [1m[36mProject Load (1.7ms)[0m  [1mSELECT `projects`.* FROM `projects` [0m
Rendered projects/index.html.haml within layouts/application (142.4ms)
Compiled application.css  (9ms)  (pid 6879)
Compiled main.css  (24ms)  (pid 6879)
Compiled application.js  (171ms)  (pid 6879)
Compiled jquery.js  (40ms)  (pid 6879)
Compiled jquery_ujs.js  (17ms)  (pid 6879)
Compiled jquery.carouFredSel-5.5.0.js  (5ms)  (pid 6879)
Compiled projects.js  (375ms)  (pid 6879)
Rendered shared/_head_content.haml (982.1ms)
Rendered shared/_header.haml (18.9ms)
Rendered shared/_footer.haml (18.4ms)
Completed 200 OK in 1244ms (Views: 1237.6ms | ActiveRecord: 3.2ms)


Started GET "/assets/application.css?body=1" for 127.0.0.1 at Tue Mar 20 15:19:54 -0300 2012
Served asset /application.css - 200 OK (0ms)


Started GET "/assets/main.css?body=1" for 127.0.0.1 at Tue Mar 20 15:19:54 -0300 2012
Served asset /main.css - 200 OK (7ms)


Started GET "/assets/jquery.js?body=1" for 127.0.0.1 at Tue Mar 20 15:19:54 -0300 2012
Served asset /jquery.js - 200 OK (45ms)


Started GET "/assets/jquery_ujs.js?body=1" for 127.0.0.1 at Tue Mar 20 15:19:54 -0300 2012
Served asset /jquery_ujs.js - 200 OK (53ms)


Started GET "/assets/jquery.carouFredSel-5.5.0.js?body=1" for 127.0.0.1 at Tue Mar 20 15:19:54 -0300 2012
Served asset /jquery.carouFredSel-5.5.0.js - 200 OK (7ms)


Started GET "/assets/projects.js?body=1" for 127.0.0.1 at Tue Mar 20 15:19:54 -0300 2012
Served asset /projects.js - 200 OK (11ms)


Started GET "/assets/application.js?body=1" for 127.0.0.1 at Tue Mar 20 15:19:54 -0300 2012
Served asset /application.js - 200 OK (0ms)


Started GET "/system/projects/photos/000/000/001/small/01_chica.jpg?1331589345" for 127.0.0.1 at Tue Mar 20 15:19:54 -0300 2012

ActionController::RoutingError (No route matches [GET] "/system/projects/photos/000/000/001/small/01_chica.jpg"):
  

Rendered /Users/waltersemelshtein/.rvm/gems/ruby-1.8.7-p352@politacomar/gems/actionpack-3.1.3/lib/action_dispatch/middleware/templates/rescues/routing_error.erb within rescues/layout (1.0ms)


Started GET "/assets/logo.png" for 127.0.0.1 at Tue Mar 20 15:19:54 -0300 2012
Served asset /logo.png - 200 OK (58ms)


Started GET "/assets/bg.png" for 127.0.0.1 at Tue Mar 20 15:19:54 -0300 2012
Served asset /bg.png - 200 OK (21ms)


Started GET "/system/projects/photos/000/000/005/small/04_chica.jpg?1331589707" for 127.0.0.1 at Tue Mar 20 15:19:54 -0300 2012

ActionController::RoutingError (No route matches [GET] "/system/projects/photos/000/000/005/small/04_chica.jpg"):
  

Rendered /Users/waltersemelshtein/.rvm/gems/ruby-1.8.7-p352@politacomar/gems/actionpack-3.1.3/lib/action_dispatch/middleware/templates/rescues/routing_error.erb within rescues/layout (0.7ms)


Started GET "/system/projects/photos/000/000/004/small/03_chica.jpg?1331589634" for 127.0.0.1 at Tue Mar 20 15:19:55 -0300 2012

ActionController::RoutingError (No route matches [GET] "/system/projects/photos/000/000/004/small/03_chica.jpg"):
  

Rendered /Users/waltersemelshtein/.rvm/gems/ruby-1.8.7-p352@politacomar/gems/actionpack-3.1.3/lib/action_dispatch/middleware/templates/rescues/routing_error.erb within rescues/layout (0.6ms)


Started GET "/system/projects/photos/000/000/003/small/02_chica.jpg?1331589442" for 127.0.0.1 at Tue Mar 20 15:19:55 -0300 2012

ActionController::RoutingError (No route matches [GET] "/system/projects/photos/000/000/003/small/02_chica.jpg"):
  

Rendered /Users/waltersemelshtein/.rvm/gems/ruby-1.8.7-p352@politacomar/gems/actionpack-3.1.3/lib/action_dispatch/middleware/templates/rescues/routing_error.erb within rescues/layout (0.7ms)


Started GET "/system/projects/photos/000/000/006/small/05_chica.jpg?1331589761" for 127.0.0.1 at Tue Mar 20 15:19:55 -0300 2012

ActionController::RoutingError (No route matches [GET] "/system/projects/photos/000/000/006/small/05_chica.jpg"):
  

Rendered /Users/waltersemelshtein/.rvm/gems/ruby-1.8.7-p352@politacomar/gems/actionpack-3.1.3/lib/action_dispatch/middleware/templates/rescues/routing_error.erb within rescues/layout (0.7ms)


Started GET "/system/projects/photos/000/000/007/small/hands.jpg?1332014694" for 127.0.0.1 at Tue Mar 20 15:19:55 -0300 2012

ActionController::RoutingError (No route matches [GET] "/system/projects/photos/000/000/007/small/hands.jpg"):
  

Rendered /Users/waltersemelshtein/.rvm/gems/ruby-1.8.7-p352@politacomar/gems/actionpack-3.1.3/lib/action_dispatch/middleware/templates/rescues/routing_error.erb within rescues/layout (1.1ms)


Started GET "/system/projects/photos/000/000/008/small/wooden_stairs.jpg?1332016931" for 127.0.0.1 at Tue Mar 20 15:19:55 -0300 2012

ActiveRecord::ConnectionTimeoutError (could not obtain a database connection within 5 seconds.  The max pool size is currently 5; consider increasing it.):
  

Rendered /Users/waltersemelshtein/.rvm/gems/ruby-1.8.7-p352@politacomar/gems/actionpack-3.1.3/lib/action_dispatch/middleware/templates/rescues/_trace.erb (2.1ms)
Rendered /Users/waltersemelshtein/.rvm/gems/ruby-1.8.7-p352@politacomar/gems/actionpack-3.1.3/lib/action_dispatch/middleware/templates/rescues/_request_and_response.erb (1.1ms)
Rendered /Users/waltersemelshtein/.rvm/gems/ruby-1.8.7-p352@politacomar/gems/actionpack-3.1.3/lib/action_dispatch/middleware/templates/rescues/diagnostics.erb within rescues/layout (8.1ms)


Started GET "/system/projects/photos/000/000/009/small/wooden_catwalk3.jpg?1332109256" for 127.0.0.1 at Tue Mar 20 15:20:05 -0300 2012

ActionController::RoutingError (No route matches [GET] "/system/projects/photos/000/000/009/small/wooden_catwalk3.jpg"):
  

Rendered /Users/waltersemelshtein/.rvm/gems/ruby-1.8.7-p352@politacomar/gems/actionpack-3.1.3/lib/action_dispatch/middleware/templates/rescues/routing_error.erb within rescues/layout (0.7ms)


Started GET "/files?id=1" for 127.0.0.1 at Tue Mar 20 15:20:05 -0300 2012
  Processing by FilesController#index as */*
  Parameters: {"id"=>"1"}
  [1m[35mProject Load (0.6ms)[0m  SELECT `projects`.* FROM `projects` WHERE `projects`.`id` = 1 LIMIT 1
  [1m[36mAsset Load (0.5ms)[0m  [1mSELECT `assets`.* FROM `assets` WHERE `assets`.`project_id` = 1[0m
Rendered files/_work.html.haml (355.4ms)
Completed 200 OK in 478ms (Views: 377.2ms | ActiveRecord: 59.2ms)


Started GET "/about" for 127.0.0.1 at Tue Mar 20 15:20:05 -0300 2012
  Processing by ProjectsController#about_me as HTML
Rendered projects/about_me.haml within layouts/application (1.1ms)
Rendered shared/_head_content.haml (9.7ms)
Rendered shared/_header.haml (6.7ms)
Rendered shared/_footer.haml (0.5ms)
Completed 200 OK in 45ms (Views: 44.1ms | ActiveRecord: 0.0ms)


Started GET "/" for 127.0.0.1 at Wed Mar 21 02:26:35 -0300 2012
  Processing by ProjectsController#index as HTML
  [1m[36mProject Load (0.7ms)[0m  [1mSELECT `projects`.* FROM `projects` [0m
Rendered projects/index.html.haml within layouts/application (25.1ms)
Cache for Asset (application.js) is stale
/Users/waltersemelshtein/.rvm/gems/ruby-1.8.7-p352@politacomar/gems/jquery-rails-1.0.19/vendor/assets/javascripts/jquery.js isn't in paths: /Users/waltersemelshtein/rails/polita1.com.ar/app/assets/images, /Users/waltersemelshtein/rails/polita1.com.ar/app/assets/javascripts, /Users/waltersemelshtein/rails/polita1.com.ar/app/assets/stylesheets, /Users/waltersemelshtein/rails/polita1.com.ar/vendor/assets/stylesheets, /Users/waltersemelshtein/.rvm/gems/ruby-1.8.7-p358@politacomar/gems/jquery-rails-1.0.19/vendor/assets/javascripts
Compiled application.js  (27ms)  (pid 29686)
Compiled jquery.js  (23ms)  (pid 29686)
Compiled jquery_ujs.js  (4ms)  (pid 29686)
Rendered shared/_head_content.haml (348.7ms)
Rendered shared/_header.haml (8.0ms)
Rendered shared/_footer.haml (6.1ms)
Completed 200 OK in 522ms (Views: 518.6ms | ActiveRecord: 1.6ms)


Started GET "/assets/application.css?body=1" for 127.0.0.1 at Wed Mar 21 02:26:36 -0300 2012
Served asset /application.css - 304 Not Modified (0ms)


Started GET "/assets/main.css?body=1" for 127.0.0.1 at Wed Mar 21 02:26:36 -0300 2012
Served asset /main.css - 304 Not Modified (3ms)


Started GET "/assets/jquery.js?body=1" for 127.0.0.1 at Wed Mar 21 02:26:36 -0300 2012
Served asset /jquery.js - 304 Not Modified (18ms)


Started GET "/assets/jquery_ujs.js?body=1" for 127.0.0.1 at Wed Mar 21 02:26:36 -0300 2012
Served asset /jquery_ujs.js - 304 Not Modified (12ms)


Started GET "/assets/jquery.carouFredSel-5.5.0.js?body=1" for 127.0.0.1 at Wed Mar 21 02:26:36 -0300 2012
Served asset /jquery.carouFredSel-5.5.0.js - 304 Not Modified (4ms)


Started GET "/assets/projects.js?body=1" for 127.0.0.1 at Wed Mar 21 02:26:36 -0300 2012
Served asset /projects.js - 304 Not Modified (14ms)


Started GET "/assets/application.js?body=1" for 127.0.0.1 at Wed Mar 21 02:26:36 -0300 2012
Served asset /application.js - 304 Not Modified (0ms)


Started GET "/system/projects/photos/000/000/001/small/01_chica.jpg?1331589345" for 127.0.0.1 at Wed Mar 21 02:26:36 -0300 2012

ActionController::RoutingError (No route matches [GET] "/system/projects/photos/000/000/001/small/01_chica.jpg"):
  

Rendered /Users/waltersemelshtein/.rvm/gems/ruby-1.8.7-p358@politacomar/gems/actionpack-3.1.3/lib/action_dispatch/middleware/templates/rescues/routing_error.erb within rescues/layout (0.7ms)


Started GET "/assets/logo.png" for 127.0.0.1 at Wed Mar 21 02:26:36 -0300 2012
Served asset /logo.png - 304 Not Modified (7ms)


Started GET "/system/projects/photos/000/000/003/small/02_chica.jpg?1331589442" for 127.0.0.1 at Wed Mar 21 02:26:36 -0300 2012

ActionController::RoutingError (No route matches [GET] "/system/projects/photos/000/000/003/small/02_chica.jpg"):
  

Rendered /Users/waltersemelshtein/.rvm/gems/ruby-1.8.7-p358@politacomar/gems/actionpack-3.1.3/lib/action_dispatch/middleware/templates/rescues/routing_error.erb within rescues/layout (0.7ms)


Started GET "/assets/bg.png" for 127.0.0.1 at Wed Mar 21 02:26:36 -0300 2012
Served asset /bg.png - 304 Not Modified (14ms)


Started GET "/system/projects/photos/000/000/004/small/03_chica.jpg?1331589634" for 127.0.0.1 at Wed Mar 21 02:26:36 -0300 2012

ActionController::RoutingError (No route matches [GET] "/system/projects/photos/000/000/004/small/03_chica.jpg"):
  

Rendered /Users/waltersemelshtein/.rvm/gems/ruby-1.8.7-p358@politacomar/gems/actionpack-3.1.3/lib/action_dispatch/middleware/templates/rescues/routing_error.erb within rescues/layout (0.7ms)


Started GET "/system/projects/photos/000/000/005/small/04_chica.jpg?1331589707" for 127.0.0.1 at Wed Mar 21 02:26:36 -0300 2012

ActionController::RoutingError (No route matches [GET] "/system/projects/photos/000/000/005/small/04_chica.jpg"):
  

Rendered /Users/waltersemelshtein/.rvm/gems/ruby-1.8.7-p358@politacomar/gems/actionpack-3.1.3/lib/action_dispatch/middleware/templates/rescues/routing_error.erb within rescues/layout (0.6ms)


Started GET "/system/projects/photos/000/000/006/small/05_chica.jpg?1331589761" for 127.0.0.1 at Wed Mar 21 02:26:36 -0300 2012

ActionController::RoutingError (No route matches [GET] "/system/projects/photos/000/000/006/small/05_chica.jpg"):
  

Rendered /Users/waltersemelshtein/.rvm/gems/ruby-1.8.7-p358@politacomar/gems/actionpack-3.1.3/lib/action_dispatch/middleware/templates/rescues/routing_error.erb within rescues/layout (0.6ms)


Started GET "/system/projects/photos/000/000/008/small/wooden_stairs.jpg?1332016931" for 127.0.0.1 at Wed Mar 21 02:26:36 -0300 2012

ActionController::RoutingError (No route matches [GET] "/system/projects/photos/000/000/008/small/wooden_stairs.jpg"):
  

Rendered /Users/waltersemelshtein/.rvm/gems/ruby-1.8.7-p358@politacomar/gems/actionpack-3.1.3/lib/action_dispatch/middleware/templates/rescues/routing_error.erb within rescues/layout (0.6ms)


Started GET "/system/projects/photos/000/000/007/small/hands.jpg?1332014694" for 127.0.0.1 at Wed Mar 21 02:26:36 -0300 2012

ActionController::RoutingError (No route matches [GET] "/system/projects/photos/000/000/007/small/hands.jpg"):
  

Rendered /Users/waltersemelshtein/.rvm/gems/ruby-1.8.7-p358@politacomar/gems/actionpack-3.1.3/lib/action_dispatch/middleware/templates/rescues/routing_error.erb within rescues/layout (0.6ms)


Started GET "/system/projects/photos/000/000/009/small/wooden_catwalk3.jpg?1332109256" for 127.0.0.1 at Wed Mar 21 02:26:36 -0300 2012

ActiveRecord::ConnectionTimeoutError (could not obtain a database connection within 5 seconds.  The max pool size is currently 5; consider increasing it.):
  

Rendered /Users/waltersemelshtein/.rvm/gems/ruby-1.8.7-p358@politacomar/gems/actionpack-3.1.3/lib/action_dispatch/middleware/templates/rescues/_trace.erb (1.4ms)
Rendered /Users/waltersemelshtein/.rvm/gems/ruby-1.8.7-p358@politacomar/gems/actionpack-3.1.3/lib/action_dispatch/middleware/templates/rescues/_request_and_response.erb (1.0ms)
Rendered /Users/waltersemelshtein/.rvm/gems/ruby-1.8.7-p358@politacomar/gems/actionpack-3.1.3/lib/action_dispatch/middleware/templates/rescues/diagnostics.erb within rescues/layout (9.0ms)


Started GET "/admin" for 127.0.0.1 at Wed Mar 21 02:26:46 -0300 2012


Started GET "/admins/sign_in" for 127.0.0.1 at Wed Mar 21 02:26:46 -0300 2012
  Processing by Devise::SessionsController#new as HTML
Rendered devise/shared/_links.erb (1.1ms)
Rendered devise/sessions/new.html.erb within layouts/application (8.4ms)
Rendered shared/_head_content.haml (7.8ms)
Rendered shared/_header.haml (1.6ms)
Rendered shared/_footer.haml (0.4ms)
Completed 200 OK in 116ms (Views: 44.9ms | ActiveRecord: 53.8ms)


Started GET "/assets/main.css?body=1" for 127.0.0.1 at Wed Mar 21 02:26:46 -0300 2012
Served asset /main.css - 304 Not Modified (0ms)


Started GET "/assets/application.css?body=1" for 127.0.0.1 at Wed Mar 21 02:26:46 -0300 2012
Served asset /application.css - 304 Not Modified (0ms)


Started GET "/assets/jquery.js?body=1" for 127.0.0.1 at Wed Mar 21 02:26:46 -0300 2012
Served asset /jquery.js - 304 Not Modified (0ms)


Started GET "/assets/bg.png" for 127.0.0.1 at Wed Mar 21 02:26:46 -0300 2012
Served asset /bg.png - 304 Not Modified (0ms)


Started GET "/assets/logo.png" for 127.0.0.1 at Wed Mar 21 02:26:46 -0300 2012
Served asset /logo.png - 304 Not Modified (0ms)


Started POST "/admins/sign_in" for 127.0.0.1 at Wed Mar 21 02:26:58 -0300 2012
  Processing by Devise::SessionsController#create as HTML
  Parameters: {"commit"=>"Sign in", "admin"=>{"password"=>"[FILTERED]", "email"=>"poli@pictomotion.com"}, "authenticity_token"=>"cBw+03s8wX4HhLukAMW0DR509rSrB8HwhEtt2ysSiCM=", "utf8"=>"\342\234\223"}
  [1m[35mAdmin Load (0.8ms)[0m  SELECT `admins`.* FROM `admins` WHERE `admins`.`email` = 'poli@pictomotion.com' LIMIT 1
  [1m[36m (0.1ms)[0m  [1mBEGIN[0m
  [1m[35m (0.4ms)[0m  UPDATE `admins` SET `sign_in_count` = 26, `last_sign_in_at` = '2012-03-19 15:21:31', `current_sign_in_at` = '2012-03-21 05:26:59', `updated_at` = '2012-03-21 05:26:59' WHERE `admins`.`id` = 1
  [1m[36m (1.1ms)[0m  [1mCOMMIT[0m
Redirected to http://127.0.0.1:3000/
Completed 302 Found in 157ms


Started GET "/" for 127.0.0.1 at Wed Mar 21 02:26:59 -0300 2012
  Processing by ProjectsController#index as HTML
  [1m[35mProject Load (0.7ms)[0m  SELECT `projects`.* FROM `projects` 
  [1m[36mAdmin Load (74.8ms)[0m  [1mSELECT `admins`.* FROM `admins` WHERE `admins`.`id` = 1 LIMIT 1[0m
Rendered projects/index.html.haml within layouts/application (125.7ms)
Rendered shared/_head_content.haml (7.5ms)
Rendered shared/_header.haml (1.3ms)
Rendered shared/_footer.haml (0.3ms)
Completed 200 OK in 169ms (Views: 81.6ms | ActiveRecord: 83.8ms)


Started GET "/assets/main.css?body=1" for 127.0.0.1 at Wed Mar 21 02:26:59 -0300 2012
Served asset /main.css - 304 Not Modified (0ms)


Started GET "/assets/application.css?body=1" for 127.0.0.1 at Wed Mar 21 02:26:59 -0300 2012
Served asset /application.css - 304 Not Modified (0ms)


Started GET "/assets/jquery_ujs.js?body=1" for 127.0.0.1 at Wed Mar 21 02:26:59 -0300 2012
Served asset /jquery_ujs.js - 304 Not Modified (0ms)


Started GET "/assets/jquery.carouFredSel-5.5.0.js?body=1" for 127.0.0.1 at Wed Mar 21 02:26:59 -0300 2012
Served asset /jquery.carouFredSel-5.5.0.js - 304 Not Modified (0ms)


Started GET "/assets/jquery.js?body=1" for 127.0.0.1 at Wed Mar 21 02:26:59 -0300 2012
Served asset /jquery.js - 304 Not Modified (0ms)


Started GET "/assets/projects.js?body=1" for 127.0.0.1 at Wed Mar 21 02:26:59 -0300 2012
Served asset /projects.js - 304 Not Modified (0ms)


Started GET "/assets/application.js?body=1" for 127.0.0.1 at Wed Mar 21 02:26:59 -0300 2012
Served asset /application.js - 304 Not Modified (0ms)


Started GET "/system/projects/photos/000/000/001/small/01_chica.jpg?1331589345" for 127.0.0.1 at Wed Mar 21 02:26:59 -0300 2012

ActionController::RoutingError (No route matches [GET] "/system/projects/photos/000/000/001/small/01_chica.jpg"):
  

Rendered /Users/waltersemelshtein/.rvm/gems/ruby-1.8.7-p358@politacomar/gems/actionpack-3.1.3/lib/action_dispatch/middleware/templates/rescues/routing_error.erb within rescues/layout (0.8ms)


Started GET "/assets/edit.png" for 127.0.0.1 at Wed Mar 21 02:26:59 -0300 2012
Served asset /edit.png - 200 OK (29ms)


Started GET "/assets/show.png" for 127.0.0.1 at Wed Mar 21 02:26:59 -0300 2012
Served asset /show.png - 200 OK (12ms)


Started GET "/assets/bg.png" for 127.0.0.1 at Wed Mar 21 02:26:59 -0300 2012
Served asset /bg.png - 304 Not Modified (0ms)


Started GET "/assets/logo.png" for 127.0.0.1 at Wed Mar 21 02:26:59 -0300 2012
Served asset /logo.png - 304 Not Modified (0ms)


Started GET "/assets/delete.png" for 127.0.0.1 at Wed Mar 21 02:26:59 -0300 2012
Served asset /delete.png - 200 OK (13ms)


Started GET "/system/projects/photos/000/000/003/small/02_chica.jpg?1331589442" for 127.0.0.1 at Wed Mar 21 02:26:59 -0300 2012

ActionController::RoutingError (No route matches [GET] "/system/projects/photos/000/000/003/small/02_chica.jpg"):
  

Rendered /Users/waltersemelshtein/.rvm/gems/ruby-1.8.7-p358@politacomar/gems/actionpack-3.1.3/lib/action_dispatch/middleware/templates/rescues/routing_error.erb within rescues/layout (0.9ms)


Started GET "/system/projects/photos/000/000/004/small/03_chica.jpg?1331589634" for 127.0.0.1 at Wed Mar 21 02:26:59 -0300 2012

ActionController::RoutingError (No route matches [GET] "/system/projects/photos/000/000/004/small/03_chica.jpg"):
  

Rendered /Users/waltersemelshtein/.rvm/gems/ruby-1.8.7-p358@politacomar/gems/actionpack-3.1.3/lib/action_dispatch/middleware/templates/rescues/routing_error.erb within rescues/layout (0.6ms)


Started GET "/system/projects/photos/000/000/005/small/04_chica.jpg?1331589707" for 127.0.0.1 at Wed Mar 21 02:26:59 -0300 2012

ActionController::RoutingError (No route matches [GET] "/system/projects/photos/000/000/005/small/04_chica.jpg"):
  

Rendered /Users/waltersemelshtein/.rvm/gems/ruby-1.8.7-p358@politacomar/gems/actionpack-3.1.3/lib/action_dispatch/middleware/templates/rescues/routing_error.erb within rescues/layout (0.6ms)


Started GET "/system/projects/photos/000/000/006/small/05_chica.jpg?1331589761" for 127.0.0.1 at Wed Mar 21 02:26:59 -0300 2012

ActionController::RoutingError (No route matches [GET] "/system/projects/photos/000/000/006/small/05_chica.jpg"):
  

Rendered /Users/waltersemelshtein/.rvm/gems/ruby-1.8.7-p358@politacomar/gems/actionpack-3.1.3/lib/action_dispatch/middleware/templates/rescues/routing_error.erb within rescues/layout (0.9ms)


Started GET "/system/projects/photos/000/000/007/small/hands.jpg?1332014694" for 127.0.0.1 at Wed Mar 21 02:26:59 -0300 2012

ActionController::RoutingError (No route matches [GET] "/system/projects/photos/000/000/007/small/hands.jpg"):
  

Rendered /Users/waltersemelshtein/.rvm/gems/ruby-1.8.7-p358@politacomar/gems/actionpack-3.1.3/lib/action_dispatch/middleware/templates/rescues/routing_error.erb within rescues/layout (0.6ms)


Started GET "/system/projects/photos/000/000/008/small/wooden_stairs.jpg?1332016931" for 127.0.0.1 at Wed Mar 21 02:26:59 -0300 2012

ActiveRecord::ConnectionTimeoutError (could not obtain a database connection within 5 seconds.  The max pool size is currently 5; consider increasing it.):
  

Rendered /Users/waltersemelshtein/.rvm/gems/ruby-1.8.7-p358@politacomar/gems/actionpack-3.1.3/lib/action_dispatch/middleware/templates/rescues/_trace.erb (1.4ms)
Rendered /Users/waltersemelshtein/.rvm/gems/ruby-1.8.7-p358@politacomar/gems/actionpack-3.1.3/lib/action_dispatch/middleware/templates/rescues/_request_and_response.erb (0.9ms)
Rendered /Users/waltersemelshtein/.rvm/gems/ruby-1.8.7-p358@politacomar/gems/actionpack-3.1.3/lib/action_dispatch/middleware/templates/rescues/diagnostics.erb within rescues/layout (5.4ms)


Started GET "/system/projects/photos/000/000/009/small/wooden_catwalk3.jpg?1332109256" for 127.0.0.1 at Wed Mar 21 02:27:09 -0300 2012

ActionController::RoutingError (No route matches [GET] "/system/projects/photos/000/000/009/small/wooden_catwalk3.jpg"):
  

Rendered /Users/waltersemelshtein/.rvm/gems/ruby-1.8.7-p358@politacomar/gems/actionpack-3.1.3/lib/action_dispatch/middleware/templates/rescues/routing_error.erb within rescues/layout (0.6ms)


Started GET "/projects/new" for 127.0.0.1 at Wed Mar 21 02:27:09 -0300 2012
  Processing by ProjectsController#new as HTML
  [1m[35mAdmin Load (0.4ms)[0m  SELECT `admins`.* FROM `admins` WHERE `admins`.`id` = 1 LIMIT 1
  [1m[36m (0.4ms)[0m  [1mSELECT COUNT(*) FROM `assets` WHERE `assets`.`project_id` IS NULL[0m
Rendered projects/_form.html.haml (18.5ms)
Rendered projects/new.html.haml within layouts/application (23.7ms)
Rendered shared/_head_content.haml (7.8ms)
Rendered shared/_header.haml (1.4ms)
Rendered shared/_footer.haml (0.4ms)
Completed 200 OK in 221ms (Views: 117.3ms | ActiveRecord: 14.3ms)


Started GET "/projects/new" for 127.0.0.1 at Wed Mar 21 02:27:10 -0300 2012
  Processing by ProjectsController#new as HTML
  [1m[35mAdmin Load (0.4ms)[0m  SELECT `admins`.* FROM `admins` WHERE `admins`.`id` = 1 LIMIT 1
  [1m[36m (0.4ms)[0m  [1mSELECT COUNT(*) FROM `assets` WHERE `assets`.`project_id` IS NULL[0m
Rendered projects/_form.html.haml (6.3ms)
Rendered projects/new.html.haml within layouts/application (7.8ms)
Rendered shared/_head_content.haml (7.6ms)
Rendered shared/_header.haml (1.3ms)
Rendered shared/_footer.haml (0.4ms)
Completed 200 OK in 162ms (Views: 30.0ms | ActiveRecord: 14.0ms)


Started GET "/assets/jquery.js?body=1" for 127.0.0.1 at Wed Mar 21 02:27:10 -0300 2012
Served asset /jquery.js - 304 Not Modified (0ms)


Started GET "/assets/application.css?body=1" for 127.0.0.1 at Wed Mar 21 02:27:10 -0300 2012
Served asset /application.css - 304 Not Modified (0ms)


Started GET "/assets/main.css?body=1" for 127.0.0.1 at Wed Mar 21 02:27:10 -0300 2012
Served asset /main.css - 304 Not Modified (0ms)


Started GET "/assets/jquery_ujs.js?body=1" for 127.0.0.1 at Wed Mar 21 02:27:10 -0300 2012
Served asset /jquery_ujs.js - 304 Not Modified (0ms)


Started GET "/assets/jquery.carouFredSel-5.5.0.js?body=1" for 127.0.0.1 at Wed Mar 21 02:27:10 -0300 2012
Served asset /jquery.carouFredSel-5.5.0.js - 304 Not Modified (0ms)


Started GET "/assets/projects.js?body=1" for 127.0.0.1 at Wed Mar 21 02:27:10 -0300 2012
Served asset /projects.js - 304 Not Modified (0ms)


Started GET "/assets/application.js?body=1" for 127.0.0.1 at Wed Mar 21 02:27:10 -0300 2012
Served asset /application.js - 304 Not Modified (0ms)


Started GET "/assets/bg.png" for 127.0.0.1 at Wed Mar 21 02:27:10 -0300 2012
Served asset /bg.png - 304 Not Modified (0ms)


Started GET "/assets/logo.png" for 127.0.0.1 at Wed Mar 21 02:27:10 -0300 2012
Served asset /logo.png - 304 Not Modified (0ms)


Started GET "/" for 127.0.0.1 at Wed Mar 21 02:27:59 -0300 2012
  Processing by ProjectsController#index as HTML
  [1m[35mProject Load (0.6ms)[0m  SELECT `projects`.* FROM `projects` 
  [1m[36mAdmin Load (0.5ms)[0m  [1mSELECT `admins`.* FROM `admins` WHERE `admins`.`id` = 1 LIMIT 1[0m
Rendered projects/index.html.haml within layouts/application (52.2ms)
Rendered shared/_head_content.haml (7.6ms)
Rendered shared/_header.haml (1.4ms)
Rendered shared/_footer.haml (0.4ms)
Completed 200 OK in 159ms (Views: 148.3ms | ActiveRecord: 8.7ms)


Started GET "/assets/application.css?body=1" for 127.0.0.1 at Wed Mar 21 02:27:59 -0300 2012
Served asset /application.css - 304 Not Modified (0ms)


Started GET "/assets/main.css?body=1" for 127.0.0.1 at Wed Mar 21 02:27:59 -0300 2012
Served asset /main.css - 304 Not Modified (0ms)


Started GET "/assets/jquery.js?body=1" for 127.0.0.1 at Wed Mar 21 02:27:59 -0300 2012
Served asset /jquery.js - 304 Not Modified (0ms)


Started GET "/assets/jquery_ujs.js?body=1" for 127.0.0.1 at Wed Mar 21 02:27:59 -0300 2012
Served asset /jquery_ujs.js - 304 Not Modified (0ms)


Started GET "/assets/jquery.carouFredSel-5.5.0.js?body=1" for 127.0.0.1 at Wed Mar 21 02:27:59 -0300 2012
Served asset /jquery.carouFredSel-5.5.0.js - 304 Not Modified (0ms)


Started GET "/assets/projects.js?body=1" for 127.0.0.1 at Wed Mar 21 02:27:59 -0300 2012
Served asset /projects.js - 304 Not Modified (0ms)


Started GET "/assets/application.js?body=1" for 127.0.0.1 at Wed Mar 21 02:27:59 -0300 2012
Served asset /application.js - 304 Not Modified (2ms)


Started GET "/system/projects/photos/000/000/004/small/03_chica.jpg?1331589634" for 127.0.0.1 at Wed Mar 21 02:27:59 -0300 2012

ActionController::RoutingError (No route matches [GET] "/system/projects/photos/000/000/004/small/03_chica.jpg"):
  

Rendered /Users/waltersemelshtein/.rvm/gems/ruby-1.8.7-p358@politacomar/gems/actionpack-3.1.3/lib/action_dispatch/middleware/templates/rescues/routing_error.erb within rescues/layout (0.6ms)


Started GET "/system/projects/photos/000/000/003/small/02_chica.jpg?1331589442" for 127.0.0.1 at Wed Mar 21 02:27:59 -0300 2012

ActionController::RoutingError (No route matches [GET] "/system/projects/photos/000/000/003/small/02_chica.jpg"):
  

Rendered /Users/waltersemelshtein/.rvm/gems/ruby-1.8.7-p358@politacomar/gems/actionpack-3.1.3/lib/action_dispatch/middleware/templates/rescues/routing_error.erb within rescues/layout (0.6ms)


Started GET "/system/projects/photos/000/000/005/small/04_chica.jpg?1331589707" for 127.0.0.1 at Wed Mar 21 02:27:59 -0300 2012

ActionController::RoutingError (No route matches [GET] "/system/projects/photos/000/000/005/small/04_chica.jpg"):
  

Rendered /Users/waltersemelshtein/.rvm/gems/ruby-1.8.7-p358@politacomar/gems/actionpack-3.1.3/lib/action_dispatch/middleware/templates/rescues/routing_error.erb within rescues/layout (0.6ms)


Started GET "/system/projects/photos/000/000/001/small/01_chica.jpg?1331589345" for 127.0.0.1 at Wed Mar 21 02:27:59 -0300 2012

ActionController::RoutingError (No route matches [GET] "/system/projects/photos/000/000/001/small/01_chica.jpg"):
  

Rendered /Users/waltersemelshtein/.rvm/gems/ruby-1.8.7-p358@politacomar/gems/actionpack-3.1.3/lib/action_dispatch/middleware/templates/rescues/routing_error.erb within rescues/layout (0.6ms)


Started GET "/assets/logo.png" for 127.0.0.1 at Wed Mar 21 02:28:00 -0300 2012
Served asset /logo.png - 304 Not Modified (0ms)


Started GET "/assets/bg.png" for 127.0.0.1 at Wed Mar 21 02:28:00 -0300 2012
Served asset /bg.png - 304 Not Modified (0ms)


Started GET "/system/projects/photos/000/000/008/small/wooden_stairs.jpg?1332016931" for 127.0.0.1 at Wed Mar 21 02:28:00 -0300 2012

ActionController::RoutingError (No route matches [GET] "/system/projects/photos/000/000/008/small/wooden_stairs.jpg"):
  

Rendered /Users/waltersemelshtein/.rvm/gems/ruby-1.8.7-p358@politacomar/gems/actionpack-3.1.3/lib/action_dispatch/middleware/templates/rescues/routing_error.erb within rescues/layout (0.7ms)


Started GET "/system/projects/photos/000/000/007/small/hands.jpg?1332014694" for 127.0.0.1 at Wed Mar 21 02:28:00 -0300 2012

ActionController::RoutingError (No route matches [GET] "/system/projects/photos/000/000/007/small/hands.jpg"):
  

Rendered /Users/waltersemelshtein/.rvm/gems/ruby-1.8.7-p358@politacomar/gems/actionpack-3.1.3/lib/action_dispatch/middleware/templates/rescues/routing_error.erb within rescues/layout (0.9ms)


Started GET "/system/projects/photos/000/000/006/small/05_chica.jpg?1331589761" for 127.0.0.1 at Wed Mar 21 02:28:00 -0300 2012

ActionController::RoutingError (No route matches [GET] "/system/projects/photos/000/000/006/small/05_chica.jpg"):
  

Rendered /Users/waltersemelshtein/.rvm/gems/ruby-1.8.7-p358@politacomar/gems/actionpack-3.1.3/lib/action_dispatch/middleware/templates/rescues/routing_error.erb within rescues/layout (0.6ms)


Started GET "/system/projects/photos/000/000/009/small/wooden_catwalk3.jpg?1332109256" for 127.0.0.1 at Wed Mar 21 02:28:00 -0300 2012

ActionController::RoutingError (No route matches [GET] "/system/projects/photos/000/000/009/small/wooden_catwalk3.jpg"):
  

Rendered /Users/waltersemelshtein/.rvm/gems/ruby-1.8.7-p358@politacomar/gems/actionpack-3.1.3/lib/action_dispatch/middleware/templates/rescues/routing_error.erb within rescues/layout (0.9ms)


Started GET "/system/projects/photos/000/000/001/small/01_chica.jpg?1331589345" for 127.0.0.1 at Wed Mar 21 02:28:00 -0300 2012

ActionController::RoutingError (No route matches [GET] "/system/projects/photos/000/000/001/small/01_chica.jpg"):
  

Rendered /Users/waltersemelshtein/.rvm/gems/ruby-1.8.7-p358@politacomar/gems/actionpack-3.1.3/lib/action_dispatch/middleware/templates/rescues/routing_error.erb within rescues/layout (0.6ms)


Started DELETE "/admins/sign_out" for 127.0.0.1 at Wed Mar 21 02:28:02 -0300 2012
  Processing by Devise::SessionsController#destroy as HTML
  Parameters: {"authenticity_token"=>"cBw+03s8wX4HhLukAMW0DR509rSrB8HwhEtt2ysSiCM="}
  [1m[35mAdmin Load (0.4ms)[0m  SELECT `admins`.* FROM `admins` WHERE `admins`.`id` = 1 LIMIT 1
Redirected to http://127.0.0.1:3000/
Completed 302 Found in 75ms


Started GET "/" for 127.0.0.1 at Wed Mar 21 02:28:02 -0300 2012
  Processing by ProjectsController#index as HTML
  [1m[36mProject Load (0.7ms)[0m  [1mSELECT `projects`.* FROM `projects` [0m
Rendered projects/index.html.haml within layouts/application (92.9ms)
Rendered shared/_head_content.haml (7.8ms)
Rendered shared/_header.haml (1.2ms)
Rendered shared/_footer.haml (0.4ms)
Completed 200 OK in 121ms (Views: 116.1ms | ActiveRecord: 2.3ms)


Started GET "/assets/jquery_ujs.js?body=1" for 127.0.0.1 at Wed Mar 21 02:28:02 -0300 2012
Served asset /jquery_ujs.js - 304 Not Modified (0ms)


Started GET "/assets/jquery.js?body=1" for 127.0.0.1 at Wed Mar 21 02:28:02 -0300 2012
Served asset /jquery.js - 304 Not Modified (0ms)


Started GET "/assets/main.css?body=1" for 127.0.0.1 at Wed Mar 21 02:28:02 -0300 2012
Served asset /main.css - 304 Not Modified (0ms)


Started GET "/assets/application.css?body=1" for 127.0.0.1 at Wed Mar 21 02:28:02 -0300 2012
Served asset /application.css - 304 Not Modified (0ms)


Started GET "/assets/jquery.carouFredSel-5.5.0.js?body=1" for 127.0.0.1 at Wed Mar 21 02:28:02 -0300 2012
Served asset /jquery.carouFredSel-5.5.0.js - 304 Not Modified (0ms)


Started GET "/assets/projects.js?body=1" for 127.0.0.1 at Wed Mar 21 02:28:02 -0300 2012
Served asset /projects.js - 304 Not Modified (2ms)


Started GET "/assets/application.js?body=1" for 127.0.0.1 at Wed Mar 21 02:28:02 -0300 2012
Served asset /application.js - 304 Not Modified (0ms)


Started GET "/system/projects/photos/000/000/003/small/02_chica.jpg?1331589442" for 127.0.0.1 at Wed Mar 21 02:28:02 -0300 2012

ActionController::RoutingError (No route matches [GET] "/system/projects/photos/000/000/003/small/02_chica.jpg"):
  

Rendered /Users/waltersemelshtein/.rvm/gems/ruby-1.8.7-p358@politacomar/gems/actionpack-3.1.3/lib/action_dispatch/middleware/templates/rescues/routing_error.erb within rescues/layout (0.6ms)


Started GET "/system/projects/photos/000/000/001/small/01_chica.jpg?1331589345" for 127.0.0.1 at Wed Mar 21 02:28:02 -0300 2012

ActionController::RoutingError (No route matches [GET] "/system/projects/photos/000/000/001/small/01_chica.jpg"):
  

Rendered /Users/waltersemelshtein/.rvm/gems/ruby-1.8.7-p358@politacomar/gems/actionpack-3.1.3/lib/action_dispatch/middleware/templates/rescues/routing_error.erb within rescues/layout (0.6ms)


Started GET "/system/projects/photos/000/000/004/small/03_chica.jpg?1331589634" for 127.0.0.1 at Wed Mar 21 02:28:02 -0300 2012

ActionController::RoutingError (No route matches [GET] "/system/projects/photos/000/000/004/small/03_chica.jpg"):
  

Rendered /Users/waltersemelshtein/.rvm/gems/ruby-1.8.7-p358@politacomar/gems/actionpack-3.1.3/lib/action_dispatch/middleware/templates/rescues/routing_error.erb within rescues/layout (1.0ms)


Started GET "/assets/logo.png" for 127.0.0.1 at Wed Mar 21 02:28:02 -0300 2012
Served asset /logo.png - 304 Not Modified (0ms)


Started GET "/assets/bg.png" for 127.0.0.1 at Wed Mar 21 02:28:02 -0300 2012
Served asset /bg.png - 304 Not Modified (0ms)


Started GET "/system/projects/photos/000/000/005/small/04_chica.jpg?1331589707" for 127.0.0.1 at Wed Mar 21 02:28:02 -0300 2012

ActionController::RoutingError (No route matches [GET] "/system/projects/photos/000/000/005/small/04_chica.jpg"):
  

Rendered /Users/waltersemelshtein/.rvm/gems/ruby-1.8.7-p358@politacomar/gems/actionpack-3.1.3/lib/action_dispatch/middleware/templates/rescues/routing_error.erb within rescues/layout (0.6ms)


Started GET "/system/projects/photos/000/000/006/small/05_chica.jpg?1331589761" for 127.0.0.1 at Wed Mar 21 02:28:02 -0300 2012

ActionController::RoutingError (No route matches [GET] "/system/projects/photos/000/000/006/small/05_chica.jpg"):
  

Rendered /Users/waltersemelshtein/.rvm/gems/ruby-1.8.7-p358@politacomar/gems/actionpack-3.1.3/lib/action_dispatch/middleware/templates/rescues/routing_error.erb within rescues/layout (0.6ms)


Started GET "/system/projects/photos/000/000/007/small/hands.jpg?1332014694" for 127.0.0.1 at Wed Mar 21 02:28:02 -0300 2012

ActionController::RoutingError (No route matches [GET] "/system/projects/photos/000/000/007/small/hands.jpg"):
  

Rendered /Users/waltersemelshtein/.rvm/gems/ruby-1.8.7-p358@politacomar/gems/actionpack-3.1.3/lib/action_dispatch/middleware/templates/rescues/routing_error.erb within rescues/layout (0.6ms)


Started GET "/system/projects/photos/000/000/008/small/wooden_stairs.jpg?1332016931" for 127.0.0.1 at Wed Mar 21 02:28:02 -0300 2012

ActionController::RoutingError (No route matches [GET] "/system/projects/photos/000/000/008/small/wooden_stairs.jpg"):
  

Rendered /Users/waltersemelshtein/.rvm/gems/ruby-1.8.7-p358@politacomar/gems/actionpack-3.1.3/lib/action_dispatch/middleware/templates/rescues/routing_error.erb within rescues/layout (0.6ms)


Started GET "/system/projects/photos/000/000/009/small/wooden_catwalk3.jpg?1332109256" for 127.0.0.1 at Wed Mar 21 02:28:02 -0300 2012

ActionController::RoutingError (No route matches [GET] "/system/projects/photos/000/000/009/small/wooden_catwalk3.jpg"):
  

Rendered /Users/waltersemelshtein/.rvm/gems/ruby-1.8.7-p358@politacomar/gems/actionpack-3.1.3/lib/action_dispatch/middleware/templates/rescues/routing_error.erb within rescues/layout (0.7ms)


Started GET "/system/projects/photos/000/000/001/small/01_chica.jpg?1331589345" for 127.0.0.1 at Wed Mar 21 02:28:03 -0300 2012

ActiveRecord::ConnectionTimeoutError (could not obtain a database connection within 5 seconds.  The max pool size is currently 5; consider increasing it.):
  

Rendered /Users/waltersemelshtein/.rvm/gems/ruby-1.8.7-p358@politacomar/gems/actionpack-3.1.3/lib/action_dispatch/middleware/templates/rescues/_trace.erb (1.5ms)
Rendered /Users/waltersemelshtein/.rvm/gems/ruby-1.8.7-p358@politacomar/gems/actionpack-3.1.3/lib/action_dispatch/middleware/templates/rescues/_request_and_response.erb (1.0ms)
Rendered /Users/waltersemelshtein/.rvm/gems/ruby-1.8.7-p358@politacomar/gems/actionpack-3.1.3/lib/action_dispatch/middleware/templates/rescues/diagnostics.erb within rescues/layout (6.0ms)
Compiled application.js  (8ms)  (pid 14517)
Compiled jquery.js  (19ms)  (pid 14517)
Compiled jquery_ujs.js  (4ms)  (pid 14517)
Compiled jquery.carouFredSel-5.5.0.js  (33ms)  (pid 14517)
Compiled projects.js  (108ms)  (pid 14517)
Compiled application.css  (71ms)  (pid 14517)
Compiled main.css  (63ms)  (pid 14517)
Compiled application.js  (5ms)  (pid 14644)
Compiled jquery.js  (2ms)  (pid 14644)
Compiled jquery_ujs.js  (0ms)  (pid 14644)
Compiled jquery.carouFredSel-5.5.0.js  (1ms)  (pid 14644)
Compiled projects.js  (102ms)  (pid 14644)
Compiled application.css  (2ms)  (pid 14644)
Compiled main.css  (11ms)  (pid 14644)
Compiled application.js  (5ms)  (pid 14674)
Compiled jquery.js  (2ms)  (pid 14674)
Compiled jquery_ujs.js  (0ms)  (pid 14674)
Compiled jquery.carouFredSel-5.5.0.js  (1ms)  (pid 14674)
Compiled projects.js  (99ms)  (pid 14674)
Compiled application.css  (2ms)  (pid 14674)
Compiled main.css  (14ms)  (pid 14674)
Compiled application.js  (4ms)  (pid 14928)
Compiled jquery.js  (2ms)  (pid 14928)
Compiled jquery_ujs.js  (1ms)  (pid 14928)
Compiled jquery.carouFredSel-5.5.0.js  (1ms)  (pid 14928)
Compiled projects.js  (103ms)  (pid 14928)
Compiled application.css  (2ms)  (pid 14928)
Compiled main.css  (11ms)  (pid 14928)


Started GET "/" for 127.0.0.1 at 2012-03-21 16:39:40 -0300
  Processing by ProjectsController#index as HTML
  [1m[36mProject Load (0.7ms)[0m  [1mSELECT `projects`.* FROM `projects` [0m
Rendered projects/index.html.haml within layouts/application (26.0ms)
Rendered shared/_head_content.haml (40.9ms)
Rendered shared/_header.haml (6.1ms)
Rendered shared/_footer.haml (4.0ms)
Completed 200 OK in 168ms (Views: 164.4ms | ActiveRecord: 1.5ms)


Started GET "/assets/main.css?body=1" for 127.0.0.1 at 2012-03-21 16:39:41 -0300
Served asset /main.css - 200 OK (3ms)


Started GET "/assets/jquery_ujs.js?body=1" for 127.0.0.1 at 2012-03-21 16:39:41 -0300
Served asset /jquery_ujs.js - 200 OK (7ms)


Started GET "/assets/projects.js?body=1" for 127.0.0.1 at 2012-03-21 16:39:41 -0300
Served asset /projects.js - 200 OK (3ms)


Started GET "/assets/jquery.carouFredSel-5.5.0.js?body=1" for 127.0.0.1 at 2012-03-21 16:39:41 -0300
Served asset /jquery.carouFredSel-5.5.0.js - 200 OK (4ms)


Started GET "/assets/jquery.js?body=1" for 127.0.0.1 at 2012-03-21 16:39:41 -0300
Served asset /jquery.js - 200 OK (3ms)


Started GET "/system/projects/photos/000/000/001/small/01_chica.jpg?1331589345" for 127.0.0.1 at 2012-03-21 16:39:41 -0300

ActionController::RoutingError (No route matches [GET] "/system/projects/photos/000/000/001/small/01_chica.jpg"):
  

Rendered /Users/waltersemelshtein/.rvm/gems/ruby-1.9.3-p125@politacomar/gems/actionpack-3.1.3/lib/action_dispatch/middleware/templates/rescues/routing_error.erb within rescues/layout (0.8ms)


Started GET "/system/projects/photos/000/000/003/small/02_chica.jpg?1331589442" for 127.0.0.1 at 2012-03-21 16:39:41 -0300

ActionController::RoutingError (No route matches [GET] "/system/projects/photos/000/000/003/small/02_chica.jpg"):
  

Rendered /Users/waltersemelshtein/.rvm/gems/ruby-1.9.3-p125@politacomar/gems/actionpack-3.1.3/lib/action_dispatch/middleware/templates/rescues/routing_error.erb within rescues/layout (0.7ms)


Started GET "/system/projects/photos/000/000/004/small/03_chica.jpg?1331589634" for 127.0.0.1 at 2012-03-21 16:39:41 -0300

ActionController::RoutingError (No route matches [GET] "/system/projects/photos/000/000/004/small/03_chica.jpg"):
  

Rendered /Users/waltersemelshtein/.rvm/gems/ruby-1.9.3-p125@politacomar/gems/actionpack-3.1.3/lib/action_dispatch/middleware/templates/rescues/routing_error.erb within rescues/layout (0.7ms)


Started GET "/system/projects/photos/000/000/006/small/05_chica.jpg?1331589761" for 127.0.0.1 at 2012-03-21 16:39:41 -0300

ActionController::RoutingError (No route matches [GET] "/system/projects/photos/000/000/006/small/05_chica.jpg"):
  

Rendered /Users/waltersemelshtein/.rvm/gems/ruby-1.9.3-p125@politacomar/gems/actionpack-3.1.3/lib/action_dispatch/middleware/templates/rescues/routing_error.erb within rescues/layout (0.7ms)


Started GET "/system/projects/photos/000/000/005/small/04_chica.jpg?1331589707" for 127.0.0.1 at 2012-03-21 16:39:41 -0300

ActionController::RoutingError (No route matches [GET] "/system/projects/photos/000/000/005/small/04_chica.jpg"):
  

Rendered /Users/waltersemelshtein/.rvm/gems/ruby-1.9.3-p125@politacomar/gems/actionpack-3.1.3/lib/action_dispatch/middleware/templates/rescues/routing_error.erb within rescues/layout (0.7ms)


Started GET "/system/projects/photos/000/000/007/small/hands.jpg?1332014694" for 127.0.0.1 at 2012-03-21 16:39:41 -0300

ActiveRecord::ConnectionTimeoutError (could not obtain a database connection within 5 seconds.  The max pool size is currently 5; consider increasing it.):
  

Rendered /Users/waltersemelshtein/.rvm/gems/ruby-1.9.3-p125@politacomar/gems/actionpack-3.1.3/lib/action_dispatch/middleware/templates/rescues/_trace.erb (1.4ms)
Rendered /Users/waltersemelshtein/.rvm/gems/ruby-1.9.3-p125@politacomar/gems/actionpack-3.1.3/lib/action_dispatch/middleware/templates/rescues/_request_and_response.erb (1.1ms)
Rendered /Users/waltersemelshtein/.rvm/gems/ruby-1.9.3-p125@politacomar/gems/actionpack-3.1.3/lib/action_dispatch/middleware/templates/rescues/diagnostics.erb within rescues/layout (8.5ms)


Started GET "/system/projects/photos/000/000/008/small/wooden_stairs.jpg?1332016931" for 127.0.0.1 at 2012-03-21 16:39:51 -0300

ActionController::RoutingError (No route matches [GET] "/system/projects/photos/000/000/008/small/wooden_stairs.jpg"):
  

Rendered /Users/waltersemelshtein/.rvm/gems/ruby-1.9.3-p125@politacomar/gems/actionpack-3.1.3/lib/action_dispatch/middleware/templates/rescues/routing_error.erb within rescues/layout (0.6ms)


Started GET "/system/projects/photos/000/000/009/small/wooden_catwalk3.jpg?1332109256" for 127.0.0.1 at 2012-03-21 16:39:51 -0300

ActionController::RoutingError (No route matches [GET] "/system/projects/photos/000/000/009/small/wooden_catwalk3.jpg"):
  

Rendered /Users/waltersemelshtein/.rvm/gems/ruby-1.9.3-p125@politacomar/gems/actionpack-3.1.3/lib/action_dispatch/middleware/templates/rescues/routing_error.erb within rescues/layout (0.6ms)


Started GET "/" for 127.0.0.1 at 2012-03-21 16:39:51 -0300
  Processing by ProjectsController#index as HTML
  [1m[35mProject Load (0.7ms)[0m  SELECT `projects`.* FROM `projects` 
Rendered projects/index.html.haml within layouts/application (27.2ms)
Rendered shared/_head_content.haml (54.3ms)
Rendered shared/_header.haml (2.7ms)
Rendered shared/_footer.haml (0.3ms)
Completed 200 OK in 102ms (Views: 95.9ms | ActiveRecord: 3.2ms)


Started GET "/assets/jquery_ujs.js?body=1" for 127.0.0.1 at 2012-03-21 16:39:52 -0300
Served asset /jquery_ujs.js - 304 Not Modified (0ms)


Started GET "/assets/jquery.js?body=1" for 127.0.0.1 at 2012-03-21 16:39:52 -0300
Served asset /jquery.js - 304 Not Modified (0ms)


Started GET "/assets/projects.js?body=1" for 127.0.0.1 at 2012-03-21 16:39:52 -0300
Served asset /projects.js - 200 OK (0ms)


Started GET "/system/projects/photos/000/000/005/small/04_chica.jpg?1331589707" for 127.0.0.1 at 2012-03-21 16:39:52 -0300

ActionController::RoutingError (No route matches [GET] "/system/projects/photos/000/000/005/small/04_chica.jpg"):
  

Rendered /Users/waltersemelshtein/.rvm/gems/ruby-1.9.3-p125@politacomar/gems/actionpack-3.1.3/lib/action_dispatch/middleware/templates/rescues/routing_error.erb within rescues/layout (1.0ms)


Started GET "/system/projects/photos/000/000/006/small/05_chica.jpg?1331589761" for 127.0.0.1 at 2012-03-21 16:39:52 -0300

ActionController::RoutingError (No route matches [GET] "/system/projects/photos/000/000/006/small/05_chica.jpg"):
  

Rendered /Users/waltersemelshtein/.rvm/gems/ruby-1.9.3-p125@politacomar/gems/actionpack-3.1.3/lib/action_dispatch/middleware/templates/rescues/routing_error.erb within rescues/layout (0.8ms)


Started GET "/system/projects/photos/000/000/003/small/02_chica.jpg?1331589442" for 127.0.0.1 at 2012-03-21 16:39:52 -0300

ActionController::RoutingError (No route matches [GET] "/system/projects/photos/000/000/003/small/02_chica.jpg"):
  

Rendered /Users/waltersemelshtein/.rvm/gems/ruby-1.9.3-p125@politacomar/gems/actionpack-3.1.3/lib/action_dispatch/middleware/templates/rescues/routing_error.erb within rescues/layout (0.7ms)


Started GET "/system/projects/photos/000/000/001/small/01_chica.jpg?1331589345" for 127.0.0.1 at 2012-03-21 16:39:52 -0300

ActionController::RoutingError (No route matches [GET] "/system/projects/photos/000/000/001/small/01_chica.jpg"):
  

Rendered /Users/waltersemelshtein/.rvm/gems/ruby-1.9.3-p125@politacomar/gems/actionpack-3.1.3/lib/action_dispatch/middleware/templates/rescues/routing_error.erb within rescues/layout (46.3ms)


Started GET "/system/projects/photos/000/000/004/small/03_chica.jpg?1331589634" for 127.0.0.1 at 2012-03-21 16:39:52 -0300

ActionController::RoutingError (No route matches [GET] "/system/projects/photos/000/000/004/small/03_chica.jpg"):
  

Rendered /Users/waltersemelshtein/.rvm/gems/ruby-1.9.3-p125@politacomar/gems/actionpack-3.1.3/lib/action_dispatch/middleware/templates/rescues/routing_error.erb within rescues/layout (0.7ms)


Started GET "/system/projects/photos/000/000/007/small/hands.jpg?1332014694" for 127.0.0.1 at 2012-03-21 16:39:52 -0300

ActionController::RoutingError (No route matches [GET] "/system/projects/photos/000/000/007/small/hands.jpg"):
  

Rendered /Users/waltersemelshtein/.rvm/gems/ruby-1.9.3-p125@politacomar/gems/actionpack-3.1.3/lib/action_dispatch/middleware/templates/rescues/routing_error.erb within rescues/layout (0.8ms)


Started GET "/system/projects/photos/000/000/009/small/wooden_catwalk3.jpg?1332109256" for 127.0.0.1 at 2012-03-21 16:39:52 -0300

ActionController::RoutingError (No route matches [GET] "/system/projects/photos/000/000/009/small/wooden_catwalk3.jpg"):
  

Rendered /Users/waltersemelshtein/.rvm/gems/ruby-1.9.3-p125@politacomar/gems/actionpack-3.1.3/lib/action_dispatch/middleware/templates/rescues/routing_error.erb within rescues/layout (1.1ms)


Started GET "/system/projects/photos/000/000/008/small/wooden_stairs.jpg?1332016931" for 127.0.0.1 at 2012-03-21 16:39:52 -0300

ActiveRecord::ConnectionTimeoutError (could not obtain a database connection within 5 seconds.  The max pool size is currently 5; consider increasing it.):
  

Rendered /Users/waltersemelshtein/.rvm/gems/ruby-1.9.3-p125@politacomar/gems/actionpack-3.1.3/lib/action_dispatch/middleware/templates/rescues/_trace.erb (1.4ms)
Rendered /Users/waltersemelshtein/.rvm/gems/ruby-1.9.3-p125@politacomar/gems/actionpack-3.1.3/lib/action_dispatch/middleware/templates/rescues/_request_and_response.erb (1.3ms)
Rendered /Users/waltersemelshtein/.rvm/gems/ruby-1.9.3-p125@politacomar/gems/actionpack-3.1.3/lib/action_dispatch/middleware/templates/rescues/diagnostics.erb within rescues/layout (5.5ms)


Started GET "/system/projects/photos/000/000/001/small/01_chica.jpg?1331589345" for 127.0.0.1 at 2012-03-21 16:40:02 -0300

ActionController::RoutingError (No route matches [GET] "/system/projects/photos/000/000/001/small/01_chica.jpg"):
  

Rendered /Users/waltersemelshtein/.rvm/gems/ruby-1.9.3-p125@politacomar/gems/actionpack-3.1.3/lib/action_dispatch/middleware/templates/rescues/routing_error.erb within rescues/layout (0.7ms)


Started GET "/" for 127.0.0.1 at 2012-03-21 16:40:02 -0300
  Processing by ProjectsController#index as HTML
  [1m[36mProject Load (0.5ms)[0m  [1mSELECT `projects`.* FROM `projects` [0m
Rendered projects/index.html.haml within layouts/application (23.7ms)
Rendered shared/_head_content.haml (3.2ms)
Rendered shared/_header.haml (1.6ms)
Rendered shared/_footer.haml (0.3ms)
Completed 200 OK in 41ms (Views: 37.1ms | ActiveRecord: 2.1ms)


Started GET "/assets/jquery.js?body=1" for 127.0.0.1 at 2012-03-21 16:40:03 -0300
Served asset /jquery.js - 304 Not Modified (0ms)


Started GET "/assets/jquery_ujs.js?body=1" for 127.0.0.1 at 2012-03-21 16:40:03 -0300
Served asset /jquery_ujs.js - 304 Not Modified (0ms)


Started GET "/system/projects/photos/000/000/001/small/01_chica.jpg?1331589345" for 127.0.0.1 at 2012-03-21 16:40:03 -0300

ActionController::RoutingError (No route matches [GET] "/system/projects/photos/000/000/001/small/01_chica.jpg"):
  

Rendered /Users/waltersemelshtein/.rvm/gems/ruby-1.9.3-p125@politacomar/gems/actionpack-3.1.3/lib/action_dispatch/middleware/templates/rescues/routing_error.erb within rescues/layout (0.7ms)


Started GET "/system/projects/photos/000/000/008/small/wooden_stairs.jpg?1332016931" for 127.0.0.1 at 2012-03-21 16:40:03 -0300

ActionController::RoutingError (No route matches [GET] "/system/projects/photos/000/000/008/small/wooden_stairs.jpg"):
  

Rendered /Users/waltersemelshtein/.rvm/gems/ruby-1.9.3-p125@politacomar/gems/actionpack-3.1.3/lib/action_dispatch/middleware/templates/rescues/routing_error.erb within rescues/layout (3.1ms)


Started GET "/system/projects/photos/000/000/005/small/04_chica.jpg?1331589707" for 127.0.0.1 at 2012-03-21 16:40:03 -0300

ActionController::RoutingError (No route matches [GET] "/system/projects/photos/000/000/005/small/04_chica.jpg"):
  

Rendered /Users/waltersemelshtein/.rvm/gems/ruby-1.9.3-p125@politacomar/gems/actionpack-3.1.3/lib/action_dispatch/middleware/templates/rescues/routing_error.erb within rescues/layout (0.8ms)


Started GET "/system/projects/photos/000/000/007/small/hands.jpg?1332014694" for 127.0.0.1 at 2012-03-21 16:40:03 -0300

ActionController::RoutingError (No route matches [GET] "/system/projects/photos/000/000/007/small/hands.jpg"):
  

Rendered /Users/waltersemelshtein/.rvm/gems/ruby-1.9.3-p125@politacomar/gems/actionpack-3.1.3/lib/action_dispatch/middleware/templates/rescues/routing_error.erb within rescues/layout (0.7ms)


Started GET "/system/projects/photos/000/000/003/small/02_chica.jpg?1331589442" for 127.0.0.1 at 2012-03-21 16:40:03 -0300

ActionController::RoutingError (No route matches [GET] "/system/projects/photos/000/000/003/small/02_chica.jpg"):
  

Rendered /Users/waltersemelshtein/.rvm/gems/ruby-1.9.3-p125@politacomar/gems/actionpack-3.1.3/lib/action_dispatch/middleware/templates/rescues/routing_error.erb within rescues/layout (0.8ms)


Started GET "/system/projects/photos/000/000/004/small/03_chica.jpg?1331589634" for 127.0.0.1 at 2012-03-21 16:40:03 -0300

ActionController::RoutingError (No route matches [GET] "/system/projects/photos/000/000/004/small/03_chica.jpg"):
  

Rendered /Users/waltersemelshtein/.rvm/gems/ruby-1.9.3-p125@politacomar/gems/actionpack-3.1.3/lib/action_dispatch/middleware/templates/rescues/routing_error.erb within rescues/layout (0.8ms)


Started GET "/system/projects/photos/000/000/006/small/05_chica.jpg?1331589761" for 127.0.0.1 at 2012-03-21 16:40:03 -0300

ActiveRecord::ConnectionTimeoutError (could not obtain a database connection within 5 seconds.  The max pool size is currently 5; consider increasing it.):
  

Rendered /Users/waltersemelshtein/.rvm/gems/ruby-1.9.3-p125@politacomar/gems/actionpack-3.1.3/lib/action_dispatch/middleware/templates/rescues/_trace.erb (1.4ms)
Rendered /Users/waltersemelshtein/.rvm/gems/ruby-1.9.3-p125@politacomar/gems/actionpack-3.1.3/lib/action_dispatch/middleware/templates/rescues/_request_and_response.erb (1.1ms)
Rendered /Users/waltersemelshtein/.rvm/gems/ruby-1.9.3-p125@politacomar/gems/actionpack-3.1.3/lib/action_dispatch/middleware/templates/rescues/diagnostics.erb within rescues/layout (5.3ms)


Started GET "/system/projects/photos/000/000/009/small/wooden_catwalk3.jpg?1332109256" for 127.0.0.1 at 2012-03-21 16:40:13 -0300

ActionController::RoutingError (No route matches [GET] "/system/projects/photos/000/000/009/small/wooden_catwalk3.jpg"):
  

Rendered /Users/waltersemelshtein/.rvm/gems/ruby-1.9.3-p125@politacomar/gems/actionpack-3.1.3/lib/action_dispatch/middleware/templates/rescues/routing_error.erb within rescues/layout (0.7ms)


Started GET "/files?id=1" for 127.0.0.1 at 2012-03-21 16:40:13 -0300
  Processing by FilesController#index as */*
  Parameters: {"id"=>"1"}
  [1m[35mProject Load (52.5ms)[0m  SELECT `projects`.* FROM `projects` WHERE `projects`.`id` = 1 LIMIT 1
  [1m[36mAsset Load (0.3ms)[0m  [1mSELECT `assets`.* FROM `assets` WHERE `assets`.`project_id` = 1[0m
Rendered files/_work.html.haml (148.1ms)
Completed 200 OK in 229ms (Views: 120.9ms | ActiveRecord: 94.1ms)


Started GET "/files?id=1" for 127.0.0.1 at 2012-03-21 16:40:13 -0300
  Processing by FilesController#index as */*
  Parameters: {"id"=>"1"}
  [1m[35mProject Load (1.8ms)[0m  SELECT `projects`.* FROM `projects` WHERE `projects`.`id` = 1 LIMIT 1
  [1m[36mAsset Load (0.4ms)[0m  [1mSELECT `assets`.* FROM `assets` WHERE `assets`.`project_id` = 1[0m
Rendered files/_work.html.haml (25.7ms)
Completed 200 OK in 78ms (Views: 30.1ms | ActiveRecord: 29.4ms)


Started GET "/files?id=1" for 127.0.0.1 at 2012-03-21 16:40:13 -0300
  Processing by FilesController#index as */*
  Parameters: {"id"=>"1"}
  [1m[35mProject Load (1.0ms)[0m  SELECT `projects`.* FROM `projects` WHERE `projects`.`id` = 1 LIMIT 1
  [1m[36mAsset Load (0.3ms)[0m  [1mSELECT `assets`.* FROM `assets` WHERE `assets`.`project_id` = 1[0m
Rendered files/_work.html.haml (27.8ms)
Completed 200 OK in 64ms (Views: 31.8ms | ActiveRecord: 13.6ms)


Started GET "/files?id=1" for 127.0.0.1 at 2012-03-21 16:40:13 -0300
  Processing by FilesController#index as */*
  Parameters: {"id"=>"1"}
  [1m[35mProject Load (0.6ms)[0m  SELECT `projects`.* FROM `projects` WHERE `projects`.`id` = 1 LIMIT 1
  [1m[36mAsset Load (0.6ms)[0m  [1mSELECT `assets`.* FROM `assets` WHERE `assets`.`project_id` = 1[0m
Rendered files/_work.html.haml (85.5ms)
Completed 200 OK in 138ms (Views: 87.4ms | ActiveRecord: 34.8ms)


Started GET "/system/projects/photos/000/000/001/small/01_chica.jpg?1331589345" for 127.0.0.1 at 2012-03-21 16:40:14 -0300

ActionController::RoutingError (No route matches [GET] "/system/projects/photos/000/000/001/small/01_chica.jpg"):
  

Rendered /Users/waltersemelshtein/.rvm/gems/ruby-1.9.3-p125@politacomar/gems/actionpack-3.1.3/lib/action_dispatch/middleware/templates/rescues/routing_error.erb within rescues/layout (1.2ms)


Started GET "/files?id=5" for 127.0.0.1 at 2012-03-21 16:40:43 -0300
  Processing by FilesController#index as */*
  Parameters: {"id"=>"5"}
  [1m[35mProject Load (0.3ms)[0m  SELECT `projects`.* FROM `projects` WHERE `projects`.`id` = 5 LIMIT 1
  [1m[36mAsset Load (0.3ms)[0m  [1mSELECT `assets`.* FROM `assets` WHERE `assets`.`project_id` = 5[0m
Rendered files/_work.html.haml (23.8ms)
Completed 200 OK in 48ms (Views: 24.8ms | ActiveRecord: 11.2ms)


Started GET "/files?id=8" for 127.0.0.1 at 2012-03-21 16:40:43 -0300
  Processing by FilesController#index as */*
  Parameters: {"id"=>"8"}
  [1m[35mProject Load (0.4ms)[0m  SELECT `projects`.* FROM `projects` WHERE `projects`.`id` = 8 LIMIT 1
  [1m[36mAsset Load (0.3ms)[0m  [1mSELECT `assets`.* FROM `assets` WHERE `assets`.`project_id` = 8[0m
Rendered files/_work.html.haml (45.0ms)
Completed 200 OK in 120ms (Views: 46.4ms | ActiveRecord: 18.0ms)


Started GET "/files?id=8" for 127.0.0.1 at 2012-03-21 16:40:43 -0300
  Processing by FilesController#index as */*
  Parameters: {"id"=>"8"}
  [1m[35mProject Load (0.5ms)[0m  SELECT `projects`.* FROM `projects` WHERE `projects`.`id` = 8 LIMIT 1
  [1m[36mAsset Load (0.7ms)[0m  [1mSELECT `assets`.* FROM `assets` WHERE `assets`.`project_id` = 8[0m
Rendered files/_work.html.haml (60.5ms)
Completed 200 OK in 104ms (Views: 58.6ms | ActiveRecord: 23.7ms)


Started GET "/files?id=3" for 127.0.0.1 at 2012-03-21 16:40:43 -0300
  Processing by FilesController#index as */*
  Parameters: {"id"=>"3"}
  [1m[35mProject Load (1.4ms)[0m  SELECT `projects`.* FROM `projects` WHERE `projects`.`id` = 3 LIMIT 1
  [1m[36mAsset Load (0.5ms)[0m  [1mSELECT `assets`.* FROM `assets` WHERE `assets`.`project_id` = 3[0m
Rendered files/_work.html.haml (61.3ms)
Completed 200 OK in 117ms (Views: 61.8ms | ActiveRecord: 30.7ms)


Started GET "/files?id=3" for 127.0.0.1 at 2012-03-21 16:40:44 -0300
  Processing by FilesController#index as */*
  Parameters: {"id"=>"3"}
  [1m[35mProject Load (0.3ms)[0m  SELECT `projects`.* FROM `projects` WHERE `projects`.`id` = 3 LIMIT 1
  [1m[36mAsset Load (0.4ms)[0m  [1mSELECT `assets`.* FROM `assets` WHERE `assets`.`project_id` = 3[0m
Rendered files/_work.html.haml (38.5ms)
Completed 200 OK in 93ms (Views: 37.8ms | ActiveRecord: 24.6ms)


Started GET "/files?id=5" for 127.0.0.1 at 2012-03-21 16:40:44 -0300
  Processing by FilesController#index as */*
  Parameters: {"id"=>"5"}
  [1m[35mProject Load (0.6ms)[0m  SELECT `projects`.* FROM `projects` WHERE `projects`.`id` = 5 LIMIT 1
  [1m[36mAsset Load (0.3ms)[0m  [1mSELECT `assets`.* FROM `assets` WHERE `assets`.`project_id` = 5[0m
Rendered files/_work.html.haml (47.3ms)
Completed 200 OK in 86ms (Views: 46.5ms | ActiveRecord: 20.9ms)


Started GET "/" for 127.0.0.1 at 2012-03-21 16:40:46 -0300
  Processing by ProjectsController#index as HTML
  [1m[35mProject Load (0.6ms)[0m  SELECT `projects`.* FROM `projects` 
Rendered projects/index.html.haml within layouts/application (62.9ms)
Rendered shared/_head_content.haml (3.1ms)
Rendered shared/_header.haml (1.7ms)
Rendered shared/_footer.haml (0.3ms)
Completed 200 OK in 80ms (Views: 76.8ms | ActiveRecord: 1.9ms)


Started GET "/assets/jquery.js?body=1" for 127.0.0.1 at 2012-03-21 16:40:46 -0300
Served asset /jquery.js - 200 OK (0ms)


Started GET "/assets/jquery.carouFredSel-5.5.0.js?body=1" for 127.0.0.1 at 2012-03-21 16:40:46 -0300
Served asset /jquery.carouFredSel-5.5.0.js - 200 OK (0ms)


Started GET "/assets/jquery_ujs.js?body=1" for 127.0.0.1 at 2012-03-21 16:40:46 -0300
Served asset /jquery_ujs.js - 200 OK (0ms)


Started GET "/assets/main.css?body=1" for 127.0.0.1 at 2012-03-21 16:40:46 -0300
Served asset /main.css - 200 OK (0ms)


Started GET "/assets/projects.js?body=1" for 127.0.0.1 at 2012-03-21 16:40:46 -0300
Served asset /projects.js - 304 Not Modified (0ms)


Started GET "/system/projects/photos/000/000/005/small/04_chica.jpg?1331589707" for 127.0.0.1 at 2012-03-21 16:40:46 -0300

ActionController::RoutingError (No route matches [GET] "/system/projects/photos/000/000/005/small/04_chica.jpg"):
  

Rendered /Users/waltersemelshtein/.rvm/gems/ruby-1.9.3-p125@politacomar/gems/actionpack-3.1.3/lib/action_dispatch/middleware/templates/rescues/routing_error.erb within rescues/layout (0.7ms)


Started GET "/system/projects/photos/000/000/004/small/03_chica.jpg?1331589634" for 127.0.0.1 at 2012-03-21 16:40:46 -0300

ActionController::RoutingError (No route matches [GET] "/system/projects/photos/000/000/004/small/03_chica.jpg"):
  

Rendered /Users/waltersemelshtein/.rvm/gems/ruby-1.9.3-p125@politacomar/gems/actionpack-3.1.3/lib/action_dispatch/middleware/templates/rescues/routing_error.erb within rescues/layout (0.7ms)


Started GET "/system/projects/photos/000/000/008/small/wooden_stairs.jpg?1332016931" for 127.0.0.1 at 2012-03-21 16:40:46 -0300

ActionController::RoutingError (No route matches [GET] "/system/projects/photos/000/000/008/small/wooden_stairs.jpg"):
  

Rendered /Users/waltersemelshtein/.rvm/gems/ruby-1.9.3-p125@politacomar/gems/actionpack-3.1.3/lib/action_dispatch/middleware/templates/rescues/routing_error.erb within rescues/layout (1.9ms)


Started GET "/system/projects/photos/000/000/001/small/01_chica.jpg?1331589345" for 127.0.0.1 at 2012-03-21 16:40:46 -0300

ActionController::RoutingError (No route matches [GET] "/system/projects/photos/000/000/001/small/01_chica.jpg"):
  

Rendered /Users/waltersemelshtein/.rvm/gems/ruby-1.9.3-p125@politacomar/gems/actionpack-3.1.3/lib/action_dispatch/middleware/templates/rescues/routing_error.erb within rescues/layout (0.7ms)


Started GET "/system/projects/photos/000/000/003/small/02_chica.jpg?1331589442" for 127.0.0.1 at 2012-03-21 16:40:46 -0300

ActionController::RoutingError (No route matches [GET] "/system/projects/photos/000/000/003/small/02_chica.jpg"):
  

Rendered /Users/waltersemelshtein/.rvm/gems/ruby-1.9.3-p125@politacomar/gems/actionpack-3.1.3/lib/action_dispatch/middleware/templates/rescues/routing_error.erb within rescues/layout (0.7ms)


Started GET "/system/projects/photos/000/000/007/small/hands.jpg?1332014694" for 127.0.0.1 at 2012-03-21 16:40:46 -0300

ActionController::RoutingError (No route matches [GET] "/system/projects/photos/000/000/007/small/hands.jpg"):
  

Rendered /Users/waltersemelshtein/.rvm/gems/ruby-1.9.3-p125@politacomar/gems/actionpack-3.1.3/lib/action_dispatch/middleware/templates/rescues/routing_error.erb within rescues/layout (0.7ms)


Started GET "/system/projects/photos/000/000/006/small/05_chica.jpg?1331589761" for 127.0.0.1 at 2012-03-21 16:40:46 -0300

ActiveRecord::ConnectionTimeoutError (could not obtain a database connection within 5 seconds.  The max pool size is currently 5; consider increasing it.):
  

Rendered /Users/waltersemelshtein/.rvm/gems/ruby-1.9.3-p125@politacomar/gems/actionpack-3.1.3/lib/action_dispatch/middleware/templates/rescues/_trace.erb (1.3ms)
Rendered /Users/waltersemelshtein/.rvm/gems/ruby-1.9.3-p125@politacomar/gems/actionpack-3.1.3/lib/action_dispatch/middleware/templates/rescues/_request_and_response.erb (1.1ms)
Rendered /Users/waltersemelshtein/.rvm/gems/ruby-1.9.3-p125@politacomar/gems/actionpack-3.1.3/lib/action_dispatch/middleware/templates/rescues/diagnostics.erb within rescues/layout (5.2ms)


Started GET "/system/projects/photos/000/000/009/small/wooden_catwalk3.jpg?1332109256" for 127.0.0.1 at 2012-03-21 16:40:57 -0300

ActionController::RoutingError (No route matches [GET] "/system/projects/photos/000/000/009/small/wooden_catwalk3.jpg"):
  

Rendered /Users/waltersemelshtein/.rvm/gems/ruby-1.9.3-p125@politacomar/gems/actionpack-3.1.3/lib/action_dispatch/middleware/templates/rescues/routing_error.erb within rescues/layout (0.7ms)


Started GET "/files?id=3" for 127.0.0.1 at 2012-03-21 16:40:57 -0300
  Processing by FilesController#index as */*
  Parameters: {"id"=>"3"}
  [1m[36mProject Load (0.3ms)[0m  [1mSELECT `projects`.* FROM `projects` WHERE `projects`.`id` = 3 LIMIT 1[0m
  [1m[35mAsset Load (0.3ms)[0m  SELECT `assets`.* FROM `assets` WHERE `assets`.`project_id` = 3
Rendered files/_work.html.haml (73.0ms)
Completed 200 OK in 101ms (Views: 75.3ms | ActiveRecord: 11.5ms)


Started GET "/files?id=3" for 127.0.0.1 at 2012-03-21 16:40:57 -0300
  Processing by FilesController#index as */*
  Parameters: {"id"=>"3"}
  [1m[36mProject Load (3.1ms)[0m  [1mSELECT `projects`.* FROM `projects` WHERE `projects`.`id` = 3 LIMIT 1[0m
  [1m[35mAsset Load (0.3ms)[0m  SELECT `assets`.* FROM `assets` WHERE `assets`.`project_id` = 3
Rendered files/_work.html.haml (35.1ms)
Completed 200 OK in 98ms (Views: 39.1ms | ActiveRecord: 31.3ms)


Started GET "/system/projects/photos/000/000/001/small/01_chica.jpg?1331589345" for 127.0.0.1 at 2012-03-21 16:40:57 -0300

ActionController::RoutingError (No route matches [GET] "/system/projects/photos/000/000/001/small/01_chica.jpg"):
  

Rendered /Users/waltersemelshtein/.rvm/gems/ruby-1.9.3-p125@politacomar/gems/actionpack-3.1.3/lib/action_dispatch/middleware/templates/rescues/routing_error.erb within rescues/layout (0.8ms)


Started GET "/" for 127.0.0.1 at 2012-03-21 23:34:36 -0300
  Processing by ProjectsController#index as HTML
  [1m[36mProject Load (0.7ms)[0m  [1mSELECT `projects`.* FROM `projects` [0m
Rendered projects/index.html.haml within layouts/application (64.8ms)
Rendered shared/_head_content.haml (54.5ms)
Rendered shared/_header.haml (6.1ms)
Rendered shared/_footer.haml (4.5ms)
Completed 200 OK in 203ms (Views: 199.3ms | ActiveRecord: 1.5ms)


Started GET "/assets/main.css?body=1" for 127.0.0.1 at 2012-03-21 23:34:36 -0300
Served asset /main.css - 200 OK (3ms)


Started GET "/assets/jquery.js?body=1" for 127.0.0.1 at 2012-03-21 23:34:36 -0300
Served asset /jquery.js - 200 OK (4ms)


Started GET "/assets/jquery_ujs.js?body=1" for 127.0.0.1 at 2012-03-21 23:34:36 -0300
Served asset /jquery_ujs.js - 200 OK (11ms)


Started GET "/assets/jquery.carouFredSel-5.5.0.js?body=1" for 127.0.0.1 at 2012-03-21 23:34:36 -0300
Served asset /jquery.carouFredSel-5.5.0.js - 200 OK (7ms)


Started GET "/assets/projects.js?body=1" for 127.0.0.1 at 2012-03-21 23:34:36 -0300
Served asset /projects.js - 200 OK (9ms)


Started GET "/system/projects/photos/000/000/001/small/01_chica.jpg?1331589345" for 127.0.0.1 at 2012-03-21 23:34:36 -0300

ActionController::RoutingError (No route matches [GET] "/system/projects/photos/000/000/001/small/01_chica.jpg"):
  

Rendered /Users/waltersemelshtein/.rvm/gems/ruby-1.9.3-p125@politacomar/gems/actionpack-3.1.3/lib/action_dispatch/middleware/templates/rescues/routing_error.erb within rescues/layout (0.8ms)


Started GET "/system/projects/photos/000/000/003/small/02_chica.jpg?1331589442" for 127.0.0.1 at 2012-03-21 23:34:37 -0300

ActionController::RoutingError (No route matches [GET] "/system/projects/photos/000/000/003/small/02_chica.jpg"):
  

Rendered /Users/waltersemelshtein/.rvm/gems/ruby-1.9.3-p125@politacomar/gems/actionpack-3.1.3/lib/action_dispatch/middleware/templates/rescues/routing_error.erb within rescues/layout (0.9ms)


Started GET "/system/projects/photos/000/000/004/small/03_chica.jpg?1331589634" for 127.0.0.1 at 2012-03-21 23:34:37 -0300

ActionController::RoutingError (No route matches [GET] "/system/projects/photos/000/000/004/small/03_chica.jpg"):
  

Rendered /Users/waltersemelshtein/.rvm/gems/ruby-1.9.3-p125@politacomar/gems/actionpack-3.1.3/lib/action_dispatch/middleware/templates/rescues/routing_error.erb within rescues/layout (0.7ms)


Started GET "/system/projects/photos/000/000/005/small/04_chica.jpg?1331589707" for 127.0.0.1 at 2012-03-21 23:34:37 -0300

ActionController::RoutingError (No route matches [GET] "/system/projects/photos/000/000/005/small/04_chica.jpg"):
  

Rendered /Users/waltersemelshtein/.rvm/gems/ruby-1.9.3-p125@politacomar/gems/actionpack-3.1.3/lib/action_dispatch/middleware/templates/rescues/routing_error.erb within rescues/layout (1.2ms)


Started GET "/system/projects/photos/000/000/009/small/wooden_catwalk3.jpg?1332109256" for 127.0.0.1 at 2012-03-21 23:34:37 -0300

ActionController::RoutingError (No route matches [GET] "/system/projects/photos/000/000/009/small/wooden_catwalk3.jpg"):
  

Rendered /Users/waltersemelshtein/.rvm/gems/ruby-1.9.3-p125@politacomar/gems/actionpack-3.1.3/lib/action_dispatch/middleware/templates/rescues/routing_error.erb within rescues/layout (0.7ms)


Started GET "/system/projects/photos/000/000/007/small/hands.jpg?1332014694" for 127.0.0.1 at 2012-03-21 23:34:37 -0300

ActionController::RoutingError (No route matches [GET] "/system/projects/photos/000/000/007/small/hands.jpg"):
  

Rendered /Users/waltersemelshtein/.rvm/gems/ruby-1.9.3-p125@politacomar/gems/actionpack-3.1.3/lib/action_dispatch/middleware/templates/rescues/routing_error.erb within rescues/layout (0.7ms)


Started GET "/system/projects/photos/000/000/008/small/wooden_stairs.jpg?1332016931" for 127.0.0.1 at 2012-03-21 23:34:37 -0300

ActionController::RoutingError (No route matches [GET] "/system/projects/photos/000/000/008/small/wooden_stairs.jpg"):
  

Rendered /Users/waltersemelshtein/.rvm/gems/ruby-1.9.3-p125@politacomar/gems/actionpack-3.1.3/lib/action_dispatch/middleware/templates/rescues/routing_error.erb within rescues/layout (0.9ms)


Started GET "/system/projects/photos/000/000/006/small/05_chica.jpg?1331589761" for 127.0.0.1 at 2012-03-21 23:34:37 -0300

ActiveRecord::ConnectionTimeoutError (could not obtain a database connection within 5 seconds.  The max pool size is currently 5; consider increasing it.):
  

Rendered /Users/waltersemelshtein/.rvm/gems/ruby-1.9.3-p125@politacomar/gems/actionpack-3.1.3/lib/action_dispatch/middleware/templates/rescues/_trace.erb (1.6ms)
Rendered /Users/waltersemelshtein/.rvm/gems/ruby-1.9.3-p125@politacomar/gems/actionpack-3.1.3/lib/action_dispatch/middleware/templates/rescues/_request_and_response.erb (1.3ms)
Rendered /Users/waltersemelshtein/.rvm/gems/ruby-1.9.3-p125@politacomar/gems/actionpack-3.1.3/lib/action_dispatch/middleware/templates/rescues/diagnostics.erb within rescues/layout (54.8ms)


Started GET "/system/projects/photos/000/000/001/small/01_chica.jpg?1331589345" for 127.0.0.1 at 2012-03-21 23:34:47 -0300

ActionController::RoutingError (No route matches [GET] "/system/projects/photos/000/000/001/small/01_chica.jpg"):
  

Rendered /Users/waltersemelshtein/.rvm/gems/ruby-1.9.3-p125@politacomar/gems/actionpack-3.1.3/lib/action_dispatch/middleware/templates/rescues/routing_error.erb within rescues/layout (0.9ms)


Started GET "/" for 127.0.0.1 at 2012-03-22 00:12:36 -0300
  Processing by ProjectsController#index as HTML
  [1m[35mProject Load (0.5ms)[0m  SELECT `projects`.* FROM `projects` 
Rendered projects/index.html.haml within layouts/application (31.4ms)
Rendered shared/_head_content.haml (3.2ms)
Rendered shared/_header.haml (2.2ms)
Rendered shared/_footer.haml (0.3ms)
Completed 200 OK in 51ms (Views: 46.9ms | ActiveRecord: 2.2ms)


Started GET "/assets/jquery_ujs.js?body=1" for 127.0.0.1 at 2012-03-22 00:12:37 -0300
Served asset /jquery_ujs.js - 200 OK (0ms)


Started GET "/assets/jquery.js?body=1" for 127.0.0.1 at 2012-03-22 00:12:37 -0300
Served asset /jquery.js - 200 OK (0ms)


Started GET "/assets/main.css?body=1" for 127.0.0.1 at 2012-03-22 00:12:37 -0300
Served asset /main.css - 200 OK (0ms)


Started GET "/assets/projects.js?body=1" for 127.0.0.1 at 2012-03-22 00:12:37 -0300
Served asset /projects.js - 200 OK (0ms)


Started GET "/assets/jquery.carouFredSel-5.5.0.js?body=1" for 127.0.0.1 at 2012-03-22 00:12:37 -0300
Served asset /jquery.carouFredSel-5.5.0.js - 200 OK (0ms)


Started GET "/system/projects/photos/000/000/005/small/04_chica.jpg?1331589707" for 127.0.0.1 at 2012-03-22 00:12:37 -0300

ActionController::RoutingError (No route matches [GET] "/system/projects/photos/000/000/005/small/04_chica.jpg"):
  

Rendered /Users/waltersemelshtein/.rvm/gems/ruby-1.9.3-p125@politacomar/gems/actionpack-3.1.3/lib/action_dispatch/middleware/templates/rescues/routing_error.erb within rescues/layout (0.7ms)


Started GET "/system/projects/photos/000/000/004/small/03_chica.jpg?1331589634" for 127.0.0.1 at 2012-03-22 00:12:37 -0300

ActionController::RoutingError (No route matches [GET] "/system/projects/photos/000/000/004/small/03_chica.jpg"):
  

Rendered /Users/waltersemelshtein/.rvm/gems/ruby-1.9.3-p125@politacomar/gems/actionpack-3.1.3/lib/action_dispatch/middleware/templates/rescues/routing_error.erb within rescues/layout (0.7ms)


Started GET "/system/projects/photos/000/000/001/small/01_chica.jpg?1331589345" for 127.0.0.1 at 2012-03-22 00:12:37 -0300

ActionController::RoutingError (No route matches [GET] "/system/projects/photos/000/000/001/small/01_chica.jpg"):
  

Rendered /Users/waltersemelshtein/.rvm/gems/ruby-1.9.3-p125@politacomar/gems/actionpack-3.1.3/lib/action_dispatch/middleware/templates/rescues/routing_error.erb within rescues/layout (0.9ms)


Started GET "/system/projects/photos/000/000/003/small/02_chica.jpg?1331589442" for 127.0.0.1 at 2012-03-22 00:12:37 -0300

ActionController::RoutingError (No route matches [GET] "/system/projects/photos/000/000/003/small/02_chica.jpg"):
  

Rendered /Users/waltersemelshtein/.rvm/gems/ruby-1.9.3-p125@politacomar/gems/actionpack-3.1.3/lib/action_dispatch/middleware/templates/rescues/routing_error.erb within rescues/layout (0.6ms)


Started GET "/system/projects/photos/000/000/006/small/05_chica.jpg?1331589761" for 127.0.0.1 at 2012-03-22 00:12:37 -0300

ActionController::RoutingError (No route matches [GET] "/system/projects/photos/000/000/006/small/05_chica.jpg"):
  

Rendered /Users/waltersemelshtein/.rvm/gems/ruby-1.9.3-p125@politacomar/gems/actionpack-3.1.3/lib/action_dispatch/middleware/templates/rescues/routing_error.erb within rescues/layout (0.8ms)


Started GET "/system/projects/photos/000/000/007/small/hands.jpg?1332014694" for 127.0.0.1 at 2012-03-22 00:12:37 -0300

ActiveRecord::ConnectionTimeoutError (could not obtain a database connection within 5 seconds.  The max pool size is currently 5; consider increasing it.):
  

Rendered /Users/waltersemelshtein/.rvm/gems/ruby-1.9.3-p125@politacomar/gems/actionpack-3.1.3/lib/action_dispatch/middleware/templates/rescues/_trace.erb (1.3ms)
Rendered /Users/waltersemelshtein/.rvm/gems/ruby-1.9.3-p125@politacomar/gems/actionpack-3.1.3/lib/action_dispatch/middleware/templates/rescues/_request_and_response.erb (1.0ms)
Rendered /Users/waltersemelshtein/.rvm/gems/ruby-1.9.3-p125@politacomar/gems/actionpack-3.1.3/lib/action_dispatch/middleware/templates/rescues/diagnostics.erb within rescues/layout (5.1ms)


Started GET "/system/projects/photos/000/000/008/small/wooden_stairs.jpg?1332016931" for 127.0.0.1 at 2012-03-22 00:12:47 -0300

ActionController::RoutingError (No route matches [GET] "/system/projects/photos/000/000/008/small/wooden_stairs.jpg"):
  

Rendered /Users/waltersemelshtein/.rvm/gems/ruby-1.9.3-p125@politacomar/gems/actionpack-3.1.3/lib/action_dispatch/middleware/templates/rescues/routing_error.erb within rescues/layout (0.7ms)


Started GET "/system/projects/photos/000/000/009/small/wooden_catwalk3.jpg?1332109256" for 127.0.0.1 at 2012-03-22 00:12:47 -0300

ActionController::RoutingError (No route matches [GET] "/system/projects/photos/000/000/009/small/wooden_catwalk3.jpg"):
  

Rendered /Users/waltersemelshtein/.rvm/gems/ruby-1.9.3-p125@politacomar/gems/actionpack-3.1.3/lib/action_dispatch/middleware/templates/rescues/routing_error.erb within rescues/layout (0.6ms)


Started GET "/system/projects/photos/000/000/001/small/01_chica.jpg?1331589345" for 127.0.0.1 at 2012-03-22 00:12:52 -0300

ActionController::RoutingError (No route matches [GET] "/system/projects/photos/000/000/001/small/01_chica.jpg"):
  

Rendered /Users/waltersemelshtein/.rvm/gems/ruby-1.9.3-p125@politacomar/gems/actionpack-3.1.3/lib/action_dispatch/middleware/templates/rescues/routing_error.erb within rescues/layout (0.7ms)
  [1m[36m (0.1ms)[0m  [1mSHOW search_path[0m
  [1m[35m (5.5ms)[0m  CREATE TABLE "schema_migrations" ("version" character varying(255) NOT NULL) 
  [1m[36m (4.6ms)[0m  [1m SELECT distinct i.relname, d.indisunique, d.indkey, t.oid
 FROM pg_class t
 INNER JOIN pg_index d ON t.oid = d.indrelid
 INNER JOIN pg_class i ON d.indexrelid = i.oid
 WHERE i.relkind = 'i'
 AND d.indisprimary = 'f'
 AND t.relname = 'schema_migrations'
 AND i.relnamespace IN (SELECT oid FROM pg_namespace WHERE nspname = ANY (current_schemas(false)) )
 ORDER BY i.relname
[0m
  [1m[35m (3.3ms)[0m  CREATE UNIQUE INDEX "unique_schema_migrations" ON "schema_migrations" ("version")
  [1m[36m (2.5ms)[0m  [1mSELECT "schema_migrations"."version" FROM "schema_migrations" [0m
Migrating to CreateProjects (20120311203849)
  [1m[35m (0.1ms)[0m  BEGIN
  [1m[36m (7.2ms)[0m  [1mCREATE TABLE "projects" ("id" serial primary key, "title" character varying(255), "body" text, "created_at" timestamp, "updated_at" timestamp) [0m
  [1m[35m (0.6ms)[0m  INSERT INTO "schema_migrations" ("version") VALUES ('20120311203849')
  [1m[36m (2.6ms)[0m  [1mCOMMIT[0m
Migrating to AddAttachmentAssetToProject (20120311205402)
  [1m[35m (0.3ms)[0m  BEGIN
  [1m[36m (0.5ms)[0m  [1mALTER TABLE "projects" ADD COLUMN "asset_file_name" character varying(255)[0m
  [1m[35m (0.3ms)[0m  ALTER TABLE "projects" ADD COLUMN "asset_content_type" character varying(255)
  [1m[36m (0.2ms)[0m  [1mALTER TABLE "projects" ADD COLUMN "asset_file_size" integer[0m
  [1m[35m (0.5ms)[0m  ALTER TABLE "projects" ADD COLUMN "asset_updated_at" timestamp
  [1m[36m (0.3ms)[0m  [1mINSERT INTO "schema_migrations" ("version") VALUES ('20120311205402')[0m
  [1m[35m (0.7ms)[0m  COMMIT
Migrating to CreateAssets (20120311213817)
  [1m[36m (0.1ms)[0m  [1mBEGIN[0m
  [1m[35m (7.3ms)[0m  CREATE TABLE "assets" ("id" serial primary key, "asset_file_name" character varying(255), "asset_file_size" integer, "asset_content_type" character varying(255), "asset_updated_at" timestamp, "project_id" integer, "created_at" timestamp, "updated_at" timestamp) 
  [1m[36m (1.3ms)[0m  [1mALTER TABLE "projects" DROP "asset_file_name"[0m
  [1m[35m (0.5ms)[0m  ALTER TABLE "projects" DROP "asset_file_size"
  [1m[36m (0.4ms)[0m  [1mALTER TABLE "projects" DROP "asset_content_type"[0m
  [1m[35m (2.2ms)[0m  ALTER TABLE "projects" DROP "asset_updated_at"
  [1m[36m (0.3ms)[0m  [1mINSERT INTO "schema_migrations" ("version") VALUES ('20120311213817')[0m
  [1m[35m (1.2ms)[0m  COMMIT
Migrating to AddAttachmentPhotoToProjects (20120312143854)
  [1m[36m (0.3ms)[0m  [1mBEGIN[0m
  [1m[35m (0.5ms)[0m  ALTER TABLE "projects" ADD COLUMN "photo_file_name" character varying(255)
  [1m[36m (0.5ms)[0m  [1mALTER TABLE "projects" ADD COLUMN "photo_content_type" character varying(255)[0m
  [1m[35m (0.3ms)[0m  ALTER TABLE "projects" ADD COLUMN "photo_file_size" integer
  [1m[36m (0.2ms)[0m  [1mALTER TABLE "projects" ADD COLUMN "photo_updated_at" timestamp[0m
  [1m[35m (0.2ms)[0m  INSERT INTO "schema_migrations" ("version") VALUES ('20120312143854')
  [1m[36m (0.7ms)[0m  [1mCOMMIT[0m
Migrating to DeviseCreateAdmins (20120312184607)
  [1m[35m (0.1ms)[0m  BEGIN
  [1m[36m (6.6ms)[0m  [1mCREATE TABLE "admins" ("id" serial primary key, "email" character varying(255) DEFAULT '' NOT NULL, "encrypted_password" character varying(255) DEFAULT '' NOT NULL, "reset_password_token" character varying(255), "reset_password_sent_at" timestamp, "remember_created_at" timestamp, "sign_in_count" integer DEFAULT 0, "current_sign_in_at" timestamp, "last_sign_in_at" timestamp, "current_sign_in_ip" character varying(255), "last_sign_in_ip" character varying(255), "created_at" timestamp, "updated_at" timestamp) [0m
  [1m[35m (0.3ms)[0m  INSERT INTO "schema_migrations" ("version") VALUES ('20120312184607')
  [1m[36m (1.1ms)[0m  [1mCOMMIT[0m
Migrating to AddShortDescriptionToProjects (20120312213148)
  [1m[35m (0.3ms)[0m  BEGIN
  [1m[36m (1.5ms)[0m  [1mALTER TABLE "projects" ADD COLUMN "description" character varying(255)[0m
  [1m[35m (0.3ms)[0m  INSERT INTO "schema_migrations" ("version") VALUES ('20120312213148')
  [1m[36m (1.4ms)[0m  [1mCOMMIT[0m
  [1m[35m (0.1ms)[0m  SHOW search_path
  [1m[36m (0.7ms)[0m  [1mSELECT "schema_migrations"."version" FROM "schema_migrations" [0m
  [1m[35m (3.2ms)[0m   SELECT distinct i.relname, d.indisunique, d.indkey, t.oid
 FROM pg_class t
 INNER JOIN pg_index d ON t.oid = d.indrelid
 INNER JOIN pg_class i ON d.indexrelid = i.oid
 WHERE i.relkind = 'i'
 AND d.indisprimary = 'f'
 AND t.relname = 'admins'
 AND i.relnamespace IN (SELECT oid FROM pg_namespace WHERE nspname = ANY (current_schemas(false)) )
 ORDER BY i.relname
  [1m[36m (1.5ms)[0m  [1m SELECT distinct i.relname, d.indisunique, d.indkey, t.oid
 FROM pg_class t
 INNER JOIN pg_index d ON t.oid = d.indrelid
 INNER JOIN pg_class i ON d.indexrelid = i.oid
 WHERE i.relkind = 'i'
 AND d.indisprimary = 'f'
 AND t.relname = 'assets'
 AND i.relnamespace IN (SELECT oid FROM pg_namespace WHERE nspname = ANY (current_schemas(false)) )
 ORDER BY i.relname
[0m
  [1m[35m (1.5ms)[0m   SELECT distinct i.relname, d.indisunique, d.indkey, t.oid
 FROM pg_class t
 INNER JOIN pg_index d ON t.oid = d.indrelid
 INNER JOIN pg_class i ON d.indexrelid = i.oid
 WHERE i.relkind = 'i'
 AND d.indisprimary = 'f'
 AND t.relname = 'projects'
 AND i.relnamespace IN (SELECT oid FROM pg_namespace WHERE nspname = ANY (current_schemas(false)) )
 ORDER BY i.relname


Started GET "/" for 127.0.0.1 at Thu Mar 22 20:05:15 -0300 2012
  [1m[36m (0.2ms)[0m  [1mSHOW search_path[0m
  Processing by ProjectsController#index as HTML
  [1m[35mProject Load (0.8ms)[0m  SELECT "projects".* FROM "projects" 
Rendered projects/index.html.haml within layouts/application (8.8ms)
Cache for Asset (application.js) is stale
/Users/waltersemelshtein/.rvm/gems/ruby-1.9.3-p125@politacomar/gems/jquery-rails-1.0.19/vendor/assets/javascripts/jquery.js isn't in paths: /Users/waltersemelshtein/rails/learn/polita1.com.ar/app/assets/images, /Users/waltersemelshtein/rails/learn/polita1.com.ar/app/assets/javascripts, /Users/waltersemelshtein/rails/learn/polita1.com.ar/app/assets/stylesheets, /Users/waltersemelshtein/rails/learn/polita1.com.ar/vendor/assets/stylesheets, /Users/waltersemelshtein/.rvm/gems/ruby-1.9.2-p318@politacomar/gems/jquery-rails-1.0.19/vendor/assets/javascripts
Compiled application.js  (41ms)  (pid 25293)
Compiled jquery.js  (23ms)  (pid 25293)
Compiled jquery_ujs.js  (5ms)  (pid 25293)
Rendered shared/_head_content.haml (430.8ms)
Rendered shared/_header.haml (87.0ms)
Rendered shared/_footer.haml (6.3ms)
Completed 200 OK in 624ms (Views: 621.3ms | ActiveRecord: 0.8ms)


Started GET "/assets/main.css?body=1" for 127.0.0.1 at Thu Mar 22 20:05:16 -0300 2012
Served asset /main.css - 200 OK (12ms)


Started GET "/assets/jquery_ujs.js?body=1" for 127.0.0.1 at Thu Mar 22 20:05:16 -0300 2012
Served asset /jquery_ujs.js - 200 OK (26ms)


Started GET "/assets/jquery.js?body=1" for 127.0.0.1 at Thu Mar 22 20:05:16 -0300 2012
Served asset /jquery.js - 200 OK (118ms)


Started GET "/assets/jquery.carouFredSel-5.5.0.js?body=1" for 127.0.0.1 at Thu Mar 22 20:05:16 -0300 2012
Served asset /jquery.carouFredSel-5.5.0.js - 200 OK (9ms)


Started GET "/assets/projects.js?body=1" for 127.0.0.1 at Thu Mar 22 20:05:16 -0300 2012
Served asset /projects.js - 200 OK (9ms)
  [1m[36m (0.1ms)[0m  [1mSHOW search_path[0m
  [1m[35m (0.5ms)[0m  SELECT "schema_migrations"."version" FROM "schema_migrations" 
  [1m[36m (0.2ms)[0m  [1mBEGIN[0m
  [1m[35mSQL (11.4ms)[0m  INSERT INTO "admins" ("created_at", "current_sign_in_at", "current_sign_in_ip", "email", "encrypted_password", "last_sign_in_at", "last_sign_in_ip", "remember_created_at", "reset_password_sent_at", "reset_password_token", "sign_in_count", "updated_at") VALUES ($1, $2, $3, $4, $5, $6, $7, $8, $9, $10, $11, $12) RETURNING "id"  [["created_at", Thu, 22 Mar 2012 23:05:29 UTC +00:00], ["current_sign_in_at", nil], ["current_sign_in_ip", nil], ["email", "poli@pictomotion.com"], ["encrypted_password", "$2a$10$tAm8YZvEYjhuxKCSlN17rum.AacXLknt/A.wfTF7z3jFNlbAhN36i"], ["last_sign_in_at", nil], ["last_sign_in_ip", nil], ["remember_created_at", nil], ["reset_password_sent_at", nil], ["reset_password_token", nil], ["sign_in_count", 0], ["updated_at", Thu, 22 Mar 2012 23:05:29 UTC +00:00]]
  [1m[36m (1.0ms)[0m  [1mCOMMIT[0m


Started GET "/" for 127.0.0.1 at Thu Mar 22 20:05:40 -0300 2012
  [1m[36m (0.2ms)[0m  [1mSHOW search_path[0m
  Processing by ProjectsController#index as HTML
  [1m[35mProject Load (0.8ms)[0m  SELECT "projects".* FROM "projects" 
Rendered projects/index.html.haml within layouts/application (9.2ms)
Rendered shared/_head_content.haml (107.7ms)
Rendered shared/_header.haml (7.5ms)
Rendered shared/_footer.haml (7.0ms)
Completed 200 OK in 170ms (Views: 168.0ms | ActiveRecord: 0.8ms)


Started GET "/assets/main.css?body=1" for 127.0.0.1 at Thu Mar 22 20:05:41 -0300 2012
Served asset /main.css - 200 OK (8ms)


Started GET "/assets/jquery.js?body=1" for 127.0.0.1 at Thu Mar 22 20:05:41 -0300 2012
Served asset /jquery.js - 200 OK (46ms)


Started GET "/assets/jquery_ujs.js?body=1" for 127.0.0.1 at Thu Mar 22 20:05:41 -0300 2012
Served asset /jquery_ujs.js - 200 OK (21ms)


Started GET "/assets/jquery.carouFredSel-5.5.0.js?body=1" for 127.0.0.1 at Thu Mar 22 20:05:41 -0300 2012
Served asset /jquery.carouFredSel-5.5.0.js - 200 OK (5ms)


Started GET "/assets/projects.js?body=1" for 127.0.0.1 at Thu Mar 22 20:05:41 -0300 2012
Served asset /projects.js - 200 OK (7ms)


Started GET "/admin" for 127.0.0.1 at Thu Mar 22 20:05:46 -0300 2012


Started GET "/admins/sign_in" for 127.0.0.1 at Thu Mar 22 20:05:46 -0300 2012
  Processing by Devise::SessionsController#new as HTML
Rendered devise/shared/_links.erb (1.1ms)
Rendered devise/sessions/new.html.erb within layouts/application (8.4ms)
Rendered shared/_head_content.haml (8.9ms)
Rendered shared/_header.haml (1.4ms)
Rendered shared/_footer.haml (0.4ms)
Completed 200 OK in 150ms (Views: 125.3ms | ActiveRecord: 7.5ms)


Started GET "/assets/main.css?body=1" for 127.0.0.1 at Thu Mar 22 20:05:46 -0300 2012
Served asset /main.css - 304 Not Modified (0ms)


Started GET "/assets/jquery.js?body=1" for 127.0.0.1 at Thu Mar 22 20:05:46 -0300 2012
Served asset /jquery.js - 304 Not Modified (0ms)


Started GET "/assets/jquery_ujs.js?body=1" for 127.0.0.1 at Thu Mar 22 20:05:46 -0300 2012
Served asset /jquery_ujs.js - 304 Not Modified (0ms)


Started GET "/assets/jquery.carouFredSel-5.5.0.js?body=1" for 127.0.0.1 at Thu Mar 22 20:05:46 -0300 2012
Served asset /jquery.carouFredSel-5.5.0.js - 304 Not Modified (0ms)


Started GET "/assets/projects.js?body=1" for 127.0.0.1 at Thu Mar 22 20:05:46 -0300 2012
Served asset /projects.js - 304 Not Modified (0ms)


Started POST "/admins/sign_in" for 127.0.0.1 at Thu Mar 22 20:05:53 -0300 2012
  Processing by Devise::SessionsController#create as HTML
  Parameters: {"commit"=>"Sign in", "admin"=>{"password"=>"[FILTERED]", "email"=>"poli@pictomotion.com"}, "authenticity_token"=>"q2MqYUz0QWJjh4RxUKjV2qF1qAXW0x+VLninw70sIyY=", "utf8"=>"\342\234\223"}
  [1m[36mAdmin Load (1.6ms)[0m  [1mSELECT "admins".* FROM "admins" WHERE "admins"."email" = 'poli@pictomotion.com' LIMIT 1[0m
  [1m[35m (0.9ms)[0m  BEGIN
  [1m[36m (0.8ms)[0m  [1mUPDATE "admins" SET "sign_in_count" = 1, "updated_at" = '2012-03-22 23:05:54.057994', "last_sign_in_ip" = '127.0.0.1', "last_sign_in_at" = '2012-03-22 23:05:54.056094', "current_sign_in_at" = '2012-03-22 23:05:54.056094', "current_sign_in_ip" = '127.0.0.1' WHERE "admins"."id" = 1[0m
  [1m[35m (1.1ms)[0m  COMMIT
Redirected to http://127.0.0.1:3000/
Completed 302 Found in 169ms


Started GET "/" for 127.0.0.1 at Thu Mar 22 20:05:54 -0300 2012
  Processing by ProjectsController#index as HTML
  [1m[36mProject Load (0.2ms)[0m  [1mSELECT "projects".* FROM "projects" [0m
  [1m[35mAdmin Load (0.6ms)[0m  SELECT "admins".* FROM "admins" WHERE "admins"."id" = 1 LIMIT 1
Rendered projects/index.html.haml within layouts/application (95.2ms)
Rendered shared/_head_content.haml (7.9ms)
Rendered shared/_header.haml (1.4ms)
Rendered shared/_footer.haml (0.4ms)
Completed 200 OK in 122ms (Views: 112.4ms | ActiveRecord: 7.5ms)


Started GET "/assets/projects.js?body=1" for 127.0.0.1 at Thu Mar 22 20:05:54 -0300 2012
Served asset /projects.js - 304 Not Modified (0ms)


Started GET "/assets/jquery.carouFredSel-5.5.0.js?body=1" for 127.0.0.1 at Thu Mar 22 20:05:54 -0300 2012
Served asset /jquery.carouFredSel-5.5.0.js - 304 Not Modified (0ms)


Started GET "/assets/main.css?body=1" for 127.0.0.1 at Thu Mar 22 20:05:54 -0300 2012
Served asset /main.css - 304 Not Modified (0ms)


Started GET "/assets/jquery_ujs.js?body=1" for 127.0.0.1 at Thu Mar 22 20:05:54 -0300 2012
Served asset /jquery_ujs.js - 304 Not Modified (0ms)


Started GET "/assets/jquery.js?body=1" for 127.0.0.1 at Thu Mar 22 20:05:54 -0300 2012
Served asset /jquery.js - 304 Not Modified (0ms)
